Post Processor Report
OrCAD FILE: C:\USERS\ATRIM_PCB\DESKTOP\TEST\DESIGN31.MAX
Mon Dec 01 17:44:03 2014

*********************************************************

Output file: C:\USERS\ATRIM_PCB\DESKTOP\TEST\DESIGN31.BOT

Aperture totals for C:\USERS\ATRIM_PCB\DESKTOP\TEST\DESIGN31.BOT:
---------------------------------------------------------
D10:  0.0787 ROUND  --       0 Draws,      18 Flashes
D11:  0.0827 ROUND  --       0 Draws,      12 Flashes
D12:  0.0827 SQUARE --       0 Draws,       2 Flashes
D13:  0.0709 ROUND  --       0 Draws,      28 Flashes
D14:  0.1102 x 0.0590 OBLONG    -----       3 Flashes
D15:  0.0984 x 0.2165 OBLONG    -----       1 Flashes
D16:  0.1890 x 0.0984 OBLONG    -----       2 Flashes
D17:  0.0748 ROUND  --       0 Draws,       4 Flashes
D18:  0.0748 SQUARE --       0 Draws,       2 Flashes
D19:  0.0590 x 0.1102 OBLONG    -----       8 Flashes
D20:  0.1102 x 0.0512 OBLONG    -----      28 Flashes
D21:  0.0590 x 0.0787 RECTANGLE -----       2 Flashes
D22:  0.0787 x 0.0236 RECTANGLE -----      10 Flashes
D23:  0.0984 x 0.1220 RECTANGLE -----       1 Flashes
D24:  0.0984 x 0.0394 RECTANGLE -----       3 Flashes
D25:  0.0590 x 0.1102 RECTANGLE -----       1 Flashes
D26:  0.0790 ROUND  --       0 Draws,       2 Flashes
D27:  0.0079 ROUND  --      48 Draws,       0 Flashes
D28:  0.0200 ROUND  --      29 Draws,       0 Flashes
D29:  0.0300 ROUND  --      42 Draws,       0 Flashes
D30:  0.0400 ROUND  --     111 Draws,       0 Flashes
D31:  0.0120 ROUND  --      80 Draws,       0 Flashes
D32:  0.0140 ROUND  --       0 Draws,     111 Flashes
---------------------------------------------------------
 23 D-Codes      -----     310 Draws,     238 Flashes

*********************************************************

Output file: C:\USERS\ATRIM_PCB\DESKTOP\TEST\DESIGN31.SMB

Aperture totals for C:\USERS\ATRIM_PCB\DESKTOP\TEST\DESIGN31.SMB:
---------------------------------------------------------
D10:  0.0787 ROUND  --       0 Draws,       4 Flashes
D11:  0.0827 ROUND  --       0 Draws,      18 Flashes
D17:  0.0748 ROUND  --       0 Draws,      28 Flashes
D27:  0.0079 ROUND  --      48 Draws,       0 Flashes
D32:  0.0140 ROUND  --       0 Draws,     111 Flashes
D33:  0.0866 ROUND  --       0 Draws,      12 Flashes
D34:  0.0866 SQUARE --       0 Draws,       2 Flashes
D35:  0.1142 x 0.0630 OBLONG    -----       3 Flashes
D36:  0.1024 x 0.2205 OBLONG    -----       1 Flashes
D37:  0.1929 x 0.1024 OBLONG    -----       2 Flashes
D38:  0.0787 SQUARE --       0 Draws,       2 Flashes
D39:  0.0630 x 0.1142 OBLONG    -----       8 Flashes
D40:  0.1142 x 0.0551 OBLONG    -----      28 Flashes
D41:  0.0630 x 0.0827 RECTANGLE -----       2 Flashes
D42:  0.0827 x 0.0276 RECTANGLE -----      10 Flashes
D43:  0.1024 x 0.1260 RECTANGLE -----       1 Flashes
D44:  0.1024 x 0.0433 RECTANGLE -----       3 Flashes
D45:  0.0630 x 0.1142 RECTANGLE -----       1 Flashes
D46:  0.0830 ROUND  --       0 Draws,       2 Flashes
---------------------------------------------------------
 19 D-Codes      -----      48 Draws,     238 Flashes

*********************************************************

Output file: C:\USERS\ATRIM_PCB\DESKTOP\TEST\DESIGN31.SST

Aperture totals for C:\USERS\ATRIM_PCB\DESKTOP\TEST\DESIGN31.SST:
---------------------------------------------------------
D27:  0.0079 ROUND  --     253 Draws,       0 Flashes
D32:  0.0140 ROUND  --       0 Draws,     111 Flashes
D47:  0.0100 ROUND  --       8 Draws,       0 Flashes
D48:  0.0020 ROUND  --     343 Draws,       0 Flashes
D49:  0.0080 ROUND  --       8 Draws,       0 Flashes
D51:  0.0060 ROUND  --     405 Draws,       0 Flashes
---------------------------------------------------------
  6 D-Codes      -----    1017 Draws,     111 Flashes

*********************************************************

Output file: C:\USERS\ATRIM_PCB\DESKTOP\TEST\DESIGN31.SSB

Aperture totals for C:\USERS\ATRIM_PCB\DESKTOP\TEST\DESIGN31.SSB:
---------------------------------------------------------
D27:  0.0079 ROUND  --      68 Draws,       0 Flashes
D32:  0.0140 ROUND  --       0 Draws,     111 Flashes
D51:  0.0060 ROUND  --      23 Draws,       0 Flashes
---------------------------------------------------------
  3 D-Codes      -----      91 Draws,     111 Flashes

*********************************************************

Output file: C:\USERS\ATRIM_PCB\DESKTOP\TEST\DESIGN31.DRD

Aperture totals for C:\USERS\ATRIM_PCB\DESKTOP\TEST\DESIGN31.DRD:
---------------------------------------------------------
D27:  0.0079 ROUND  --       5 Draws,       0 Flashes
D32:  0.0140 ROUND  --       0 Draws,     111 Flashes
D47:  0.0100 ROUND  --     572 Draws,       0 Flashes
D50:  0.0551 ROUND  --       3 Draws,       0 Flashes
---------------------------------------------------------
  4 D-Codes      -----     580 Draws,     111 Flashes


*********************************************************

Aperture totals for entire project:
---------------------------------------------------------
D10:  0.0787 ROUND  --       0 Draws,      22 Flashes
D11:  0.0827 ROUND  --       0 Draws,      30 Flashes
D12:  0.0827 SQUARE --       0 Draws,       2 Flashes
D13:  0.0709 ROUND  --       0 Draws,      28 Flashes
D14:  0.1102 x 0.0590 OBLONG    -----       3 Flashes
D15:  0.0984 x 0.2165 OBLONG    -----       1 Flashes
D16:  0.1890 x 0.0984 OBLONG    -----       2 Flashes
D17:  0.0748 ROUND  --       0 Draws,      32 Flashes
D18:  0.0748 SQUARE --       0 Draws,       2 Flashes
D19:  0.0590 x 0.1102 OBLONG    -----       8 Flashes
D20:  0.1102 x 0.0512 OBLONG    -----      28 Flashes
D21:  0.0590 x 0.0787 RECTANGLE -----       2 Flashes
D22:  0.0787 x 0.0236 RECTANGLE -----      10 Flashes
D23:  0.0984 x 0.1220 RECTANGLE -----       1 Flashes
D24:  0.0984 x 0.0394 RECTANGLE -----       3 Flashes
D25:  0.0590 x 0.1102 RECTANGLE -----       1 Flashes
D26:  0.0790 ROUND  --       0 Draws,       2 Flashes
D27:  0.0079 ROUND  --     422 Draws,       0 Flashes
D28:  0.0200 ROUND  --      29 Draws,       0 Flashes
D29:  0.0300 ROUND  --      42 Draws,       0 Flashes
D30:  0.0400 ROUND  --     111 Draws,       0 Flashes
D31:  0.0120 ROUND  --      80 Draws,       0 Flashes
D32:  0.0140 ROUND  --       0 Draws,     555 Flashes
D33:  0.0866 ROUND  --       0 Draws,      12 Flashes
D34:  0.0866 SQUARE --       0 Draws,       2 Flashes
D35:  0.1142 x 0.0630 OBLONG    -----       3 Flashes
D36:  0.1024 x 0.2205 OBLONG    -----       1 Flashes
D37:  0.1929 x 0.1024 OBLONG    -----       2 Flashes
D38:  0.0787 SQUARE --       0 Draws,       2 Flashes
D39:  0.0630 x 0.1142 OBLONG    -----       8 Flashes
D40:  0.1142 x 0.0551 OBLONG    -----      28 Flashes
D41:  0.0630 x 0.0827 RECTANGLE -----       2 Flashes
D42:  0.0827 x 0.0276 RECTANGLE -----      10 Flashes
D43:  0.1024 x 0.1260 RECTANGLE -----       1 Flashes
D44:  0.1024 x 0.0433 RECTANGLE -----       3 Flashes
D45:  0.0630 x 0.1142 RECTANGLE -----       1 Flashes
D46:  0.0830 ROUND  --       0 Draws,       2 Flashes
D47:  0.0100 ROUND  --     580 Draws,       0 Flashes
D48:  0.0020 ROUND  --     343 Draws,       0 Flashes
D49:  0.0080 ROUND  --       8 Draws,       0 Flashes
D50:  0.0551 ROUND  --       3 Draws,       0 Flashes
D51:  0.0060 ROUND  --     428 Draws,       0 Flashes
---------------------------------------------------------
 42 D-Codes      -----    2046 Draws,     809 Flashes


No warnings or errors.
