Post Processor Report
OrCAD FILE: C:\USERS\ATRIM_PCB\DESKTOP\HEX INJECTOR V1.2\DESIGN31.MAX
Tue Feb 03 16:48:33 2015

*********************************************************

Output file: C:\USERS\ATRIM_PCB\DESKTOP\HEX INJECTOR V1.2\DESIGN31.BOT

Aperture totals for C:\USERS\ATRIM_PCB\DESKTOP\HEX INJECTOR V1.2\DESIGN31.BOT:
---------------------------------------------------------
D10:  0.0787 ROUND  --       0 Draws,      33 Flashes
D11:  0.0827 ROUND  --       0 Draws,      18 Flashes
D12:  0.0827 SQUARE --       0 Draws,       2 Flashes
D14:  0.1102 x 0.0590 OBLONG    -----      12 Flashes
D15:  0.0984 x 0.2165 OBLONG    -----       1 Flashes
D16:  0.1890 x 0.0984 OBLONG    -----       2 Flashes
D17:  0.0748 ROUND  --       0 Draws,      17 Flashes
D18:  0.0748 SQUARE --       0 Draws,       1 Flashes
D19:  0.0590 x 0.1102 OBLONG    -----      32 Flashes
D21:  0.0590 x 0.0787 RECTANGLE -----       2 Flashes
D22:  0.0787 x 0.0236 RECTANGLE -----      10 Flashes
D23:  0.0984 x 0.1220 RECTANGLE -----       1 Flashes
D24:  0.0984 x 0.0394 RECTANGLE -----       3 Flashes
D25:  0.0590 x 0.1102 RECTANGLE -----       1 Flashes
D26:  0.0790 ROUND  --       0 Draws,       2 Flashes
D27:  0.0079 ROUND  --      48 Draws,       0 Flashes
D28:  0.0200 ROUND  --      14 Draws,       0 Flashes
D29:  0.0300 ROUND  --      27 Draws,       0 Flashes
D30:  0.0400 ROUND  --      77 Draws,       0 Flashes
D31:  0.0120 ROUND  --     397 Draws,       0 Flashes
D32:  0.0140 ROUND  --       0 Draws,     171 Flashes
D52:  0.0590 x 0.0984 OBLONG    -----      16 Flashes
D53:  0.0512 x 0.1102 OBLONG    -----      28 Flashes
D54:  0.0180 ROUND  --      17 Draws,       0 Flashes
D57:  0.0984 x 0.0512 OBLONG    -----       1 Flashes
D58:  0.0984 x 0.0512 RECTANGLE -----       1 Flashes
D62:  0.1260 ROUND  --       0 Draws,       4 Flashes
---------------------------------------------------------
 27 D-Codes      -----     580 Draws,     358 Flashes

*********************************************************

Output file: C:\USERS\ATRIM_PCB\DESKTOP\HEX INJECTOR V1.2\DESIGN31.SMB

Aperture totals for C:\USERS\ATRIM_PCB\DESKTOP\HEX INJECTOR V1.2\DESIGN31.SMB:
---------------------------------------------------------
D10:  0.0787 ROUND  --       0 Draws,      17 Flashes
D11:  0.0827 ROUND  --       0 Draws,      33 Flashes
D27:  0.0079 ROUND  --      48 Draws,       0 Flashes
D32:  0.0140 ROUND  --       0 Draws,     171 Flashes
D33:  0.0866 ROUND  --       0 Draws,      18 Flashes
D34:  0.0866 SQUARE --       0 Draws,       2 Flashes
D35:  0.1142 x 0.0630 OBLONG    -----      12 Flashes
D36:  0.1024 x 0.2205 OBLONG    -----       1 Flashes
D37:  0.1929 x 0.1024 OBLONG    -----       2 Flashes
D38:  0.0787 SQUARE --       0 Draws,       1 Flashes
D39:  0.0630 x 0.1142 OBLONG    -----      32 Flashes
D41:  0.0630 x 0.0827 RECTANGLE -----       2 Flashes
D42:  0.0827 x 0.0276 RECTANGLE -----      10 Flashes
D43:  0.1024 x 0.1260 RECTANGLE -----       1 Flashes
D44:  0.1024 x 0.0433 RECTANGLE -----       3 Flashes
D45:  0.0630 x 0.1142 RECTANGLE -----       1 Flashes
D46:  0.0830 ROUND  --       0 Draws,       2 Flashes
D55:  0.0630 x 0.1024 OBLONG    -----      16 Flashes
D56:  0.0551 x 0.1142 OBLONG    -----      28 Flashes
D59:  0.1023 x 0.0551 OBLONG    -----       1 Flashes
D60:  0.1023 x 0.0551 RECTANGLE -----       1 Flashes
D63:  0.1378 ROUND  --       0 Draws,       4 Flashes
---------------------------------------------------------
 22 D-Codes      -----      48 Draws,     358 Flashes

*********************************************************

Output file: C:\USERS\ATRIM_PCB\DESKTOP\HEX INJECTOR V1.2\DESIGN31.SST

Aperture totals for C:\USERS\ATRIM_PCB\DESKTOP\HEX INJECTOR V1.2\DESIGN31.SST:
---------------------------------------------------------
D27:  0.0079 ROUND  --     297 Draws,       0 Flashes
D32:  0.0140 ROUND  --       0 Draws,     171 Flashes
D47:  0.0100 ROUND  --      12 Draws,       0 Flashes
D48:  0.0020 ROUND  --     342 Draws,       0 Flashes
D49:  0.0080 ROUND  --       7 Draws,       0 Flashes
D51:  0.0060 ROUND  --     637 Draws,       0 Flashes
D61:  0.0010 ROUND  --       9 Draws,       0 Flashes
D64:  0.0098 ROUND  --      16 Draws,       0 Flashes
---------------------------------------------------------
  8 D-Codes      -----    1320 Draws,     171 Flashes

*********************************************************

Output file: C:\USERS\ATRIM_PCB\DESKTOP\HEX INJECTOR V1.2\DESIGN31.SSB

Aperture totals for C:\USERS\ATRIM_PCB\DESKTOP\HEX INJECTOR V1.2\DESIGN31.SSB:
---------------------------------------------------------
D27:  0.0079 ROUND  --      68 Draws,       0 Flashes
D32:  0.0140 ROUND  --       0 Draws,     171 Flashes
D51:  0.0060 ROUND  --      23 Draws,       0 Flashes
---------------------------------------------------------
  3 D-Codes      -----      91 Draws,     171 Flashes

*********************************************************

Output file: C:\USERS\ATRIM_PCB\DESKTOP\HEX INJECTOR V1.2\DESIGN31.DRD

Aperture totals for C:\USERS\ATRIM_PCB\DESKTOP\HEX INJECTOR V1.2\DESIGN31.DRD:
---------------------------------------------------------
D27:  0.0079 ROUND  --       4 Draws,       0 Flashes
D32:  0.0140 ROUND  --       0 Draws,     171 Flashes
D47:  0.0100 ROUND  --     691 Draws,       0 Flashes
D50:  0.0551 ROUND  --       3 Draws,       0 Flashes
---------------------------------------------------------
  4 D-Codes      -----     698 Draws,     171 Flashes


*********************************************************

Aperture totals for entire project:
---------------------------------------------------------
D10:  0.0787 ROUND  --       0 Draws,      50 Flashes
D11:  0.0827 ROUND  --       0 Draws,      51 Flashes
D12:  0.0827 SQUARE --       0 Draws,       2 Flashes
D14:  0.1102 x 0.0590 OBLONG    -----      12 Flashes
D15:  0.0984 x 0.2165 OBLONG    -----       1 Flashes
D16:  0.1890 x 0.0984 OBLONG    -----       2 Flashes
D17:  0.0748 ROUND  --       0 Draws,      17 Flashes
D18:  0.0748 SQUARE --       0 Draws,       1 Flashes
D19:  0.0590 x 0.1102 OBLONG    -----      32 Flashes
D21:  0.0590 x 0.0787 RECTANGLE -----       2 Flashes
D22:  0.0787 x 0.0236 RECTANGLE -----      10 Flashes
D23:  0.0984 x 0.1220 RECTANGLE -----       1 Flashes
D24:  0.0984 x 0.0394 RECTANGLE -----       3 Flashes
D25:  0.0590 x 0.1102 RECTANGLE -----       1 Flashes
D26:  0.0790 ROUND  --       0 Draws,       2 Flashes
D27:  0.0079 ROUND  --     465 Draws,       0 Flashes
D28:  0.0200 ROUND  --      14 Draws,       0 Flashes
D29:  0.0300 ROUND  --      27 Draws,       0 Flashes
D30:  0.0400 ROUND  --      77 Draws,       0 Flashes
D31:  0.0120 ROUND  --     397 Draws,       0 Flashes
D32:  0.0140 ROUND  --       0 Draws,     855 Flashes
D33:  0.0866 ROUND  --       0 Draws,      18 Flashes
D34:  0.0866 SQUARE --       0 Draws,       2 Flashes
D35:  0.1142 x 0.0630 OBLONG    -----      12 Flashes
D36:  0.1024 x 0.2205 OBLONG    -----       1 Flashes
D37:  0.1929 x 0.1024 OBLONG    -----       2 Flashes
D38:  0.0787 SQUARE --       0 Draws,       1 Flashes
D39:  0.0630 x 0.1142 OBLONG    -----      32 Flashes
D41:  0.0630 x 0.0827 RECTANGLE -----       2 Flashes
D42:  0.0827 x 0.0276 RECTANGLE -----      10 Flashes
D43:  0.1024 x 0.1260 RECTANGLE -----       1 Flashes
D44:  0.1024 x 0.0433 RECTANGLE -----       3 Flashes
D45:  0.0630 x 0.1142 RECTANGLE -----       1 Flashes
D46:  0.0830 ROUND  --       0 Draws,       2 Flashes
D47:  0.0100 ROUND  --     703 Draws,       0 Flashes
D48:  0.0020 ROUND  --     342 Draws,       0 Flashes
D49:  0.0080 ROUND  --       7 Draws,       0 Flashes
D50:  0.0551 ROUND  --       3 Draws,       0 Flashes
D51:  0.0060 ROUND  --     660 Draws,       0 Flashes
D52:  0.0590 x 0.0984 OBLONG    -----      16 Flashes
D53:  0.0512 x 0.1102 OBLONG    -----      28 Flashes
D54:  0.0180 ROUND  --      17 Draws,       0 Flashes
D55:  0.0630 x 0.1024 OBLONG    -----      16 Flashes
D56:  0.0551 x 0.1142 OBLONG    -----      28 Flashes
D57:  0.0984 x 0.0512 OBLONG    -----       1 Flashes
D58:  0.0984 x 0.0512 RECTANGLE -----       1 Flashes
D59:  0.1023 x 0.0551 OBLONG    -----       1 Flashes
D60:  0.1023 x 0.0551 RECTANGLE -----       1 Flashes
D61:  0.0010 ROUND  --       9 Draws,       0 Flashes
D62:  0.1260 ROUND  --       0 Draws,       4 Flashes
D63:  0.1378 ROUND  --       0 Draws,       4 Flashes
D64:  0.0098 ROUND  --      16 Draws,       0 Flashes
---------------------------------------------------------
 52 D-Codes      -----    2737 Draws,    1229 Flashes


No warnings or errors.
