Mon Dec 01 15:50:16 Saved as file C:\USERS\ATRIM_PCB\DESKTOP\TEST\DESIGN31.MAX
Mon Dec 01 15:50:16 Saved as file BACKUP1.MAX
Mon Dec 01 15:50:16 Saved as file C:\USERS\ATRIM_PCB\DESKTOP\TEST\DESIGN31.MAX
Mon Dec 01 15:50:16 UserDiv from Layout.INI for AutoECO: 60
Mon Dec 01 15:50:16 Loaded file C:\USERS\ATRIM_PCB\DESKTOP\TEST\DESIGN31.MAX
Mon Dec 01 15:50:16 Loaded file C:\USERS\ATRIM_PCB\DESKTOP\MY_LIB\MY.LLB
Mon Dec 01 15:50:16 Loaded file C:\USERS\ATRIM_PCB\DESKTOP\MY_LIB\SMD_WAVE.LLB
Mon Dec 01 15:50:16 Loaded file C:\USERS\ATRIM_PCB\DESKTOP\MY_LIB\SHA_CAD-1.LLB
Mon Dec 01 15:50:16 Loaded file C:\Program Files\OrCAD\Layout_Plus\library\CLCC.llb
Mon Dec 01 15:50:16 Loaded file C:\Program Files\OrCAD\Layout_Plus\library\DCON050T.llb
Mon Dec 01 15:50:16 Loaded file C:\Program Files\OrCAD\Layout_Plus\library\DCON085T.llb
Mon Dec 01 15:50:16 Loaded file C:\Program Files\OrCAD\Layout_Plus\library\DIMM050T.llb
Mon Dec 01 15:50:16 Loaded file C:\Program Files\OrCAD\Layout_Plus\library\DIN.llb
Mon Dec 01 15:50:16 Loaded file C:\Program Files\OrCAD\Layout_Plus\library\DIP100B.llb
Mon Dec 01 15:50:16 Loaded file C:\Program Files\OrCAD\Layout_Plus\library\DIP100T.llb
Mon Dec 01 15:50:16 Loaded file C:\Program Files\OrCAD\Layout_Plus\library\DSUBT.llb
Mon Dec 01 15:50:16 Loaded file C:\Program Files\OrCAD\Layout_Plus\library\DSUBT_HD.LLB
Mon Dec 01 15:50:16 Loaded file C:\Program Files\OrCAD\Layout_Plus\library\ECON100T.llb
Mon Dec 01 15:50:16 Loaded file C:\Program Files\OrCAD\Layout_Plus\library\FBUS.llb
Mon Dec 01 15:50:16 Loaded file C:\Program Files\OrCAD\Layout_Plus\library\ISA.llb
Mon Dec 01 15:50:16 Loaded file C:\Program Files\OrCAD\Layout_Plus\library\JUMPER.LLB
Mon Dec 01 15:50:16 Loaded file C:\Program Files\OrCAD\Layout_Plus\library\LAYOUT.llb
Mon Dec 01 15:50:16 Loaded file C:\Program Files\OrCAD\Layout_Plus\library\LCON100T.llb
Mon Dec 01 15:50:16 Loaded file C:\Program Files\OrCAD\Layout_Plus\library\PC104.llb
Mon Dec 01 15:50:16 Loaded file C:\Program Files\OrCAD\Layout_Plus\library\PCI.llb
Mon Dec 01 15:50:16 Loaded file C:\Program Files\OrCAD\Layout_Plus\library\PCON100T.llb
Mon Dec 01 15:50:16 Loaded file C:\Program Files\OrCAD\Layout_Plus\library\PCON156T.llb
Mon Dec 01 15:50:16 Loaded file C:\Program Files\OrCAD\Layout_Plus\library\PGA.llb
Mon Dec 01 15:50:16 Loaded file C:\Program Files\OrCAD\Layout_Plus\library\PLCC.llb
Mon Dec 01 15:50:16 Loaded file C:\Program Files\OrCAD\Layout_Plus\library\QUAD.llb
Mon Dec 01 15:50:17 Loaded file C:\Program Files\OrCAD\Layout_Plus\library\QUADB.llb
Mon Dec 01 15:50:17 Loaded file C:\Program Files\OrCAD\Layout_Plus\library\RELAY.llb
Mon Dec 01 15:50:17 Loaded file C:\Program Files\OrCAD\Layout_Plus\library\RF.llb
Mon Dec 01 15:50:17 Loaded file C:\Program Files\OrCAD\Layout_Plus\library\SBUS.llb
Mon Dec 01 15:50:17 Loaded file C:\Program Files\OrCAD\Layout_Plus\library\SIMM050F.llb
Mon Dec 01 15:50:17 Loaded file C:\Program Files\OrCAD\Layout_Plus\library\SIMM050T.llb
Mon Dec 01 15:50:17 Loaded file C:\Program Files\OrCAD\Layout_Plus\library\SIMM100F.llb
Mon Dec 01 15:50:17 Loaded file C:\Program Files\OrCAD\Layout_Plus\library\SIMM100T.llb
Mon Dec 01 15:50:17 Loaded file C:\Program Files\OrCAD\Layout_Plus\library\SIP.llb
Mon Dec 01 15:50:17 Loaded file C:\Program Files\OrCAD\Layout_Plus\library\SM.llb
Mon Dec 01 15:50:17 Loaded file C:\Program Files\OrCAD\Layout_Plus\library\SOG.llb
Mon Dec 01 15:50:17 Loaded file C:\Program Files\OrCAD\Layout_Plus\library\SOJ.llb
Mon Dec 01 15:50:17 Loaded file C:\Program Files\OrCAD\Layout_Plus\library\STIFF.llb
Mon Dec 01 15:50:17 Loaded file C:\Program Files\OrCAD\Layout_Plus\library\TELE.llb
Mon Dec 01 15:50:17 Loaded file C:\Program Files\OrCAD\Layout_Plus\library\TM_AXIAL.llb
Mon Dec 01 15:50:17 Loaded file C:\Program Files\OrCAD\Layout_Plus\library\TM_CAP_P.llb
Mon Dec 01 15:50:17 Loaded file C:\Program Files\OrCAD\Layout_Plus\library\TM_CYLND.llb
Mon Dec 01 15:50:17 Loaded file C:\Program Files\OrCAD\Layout_Plus\library\TM_DIODE.llb
Mon Dec 01 15:50:17 Loaded file C:\Program Files\OrCAD\Layout_Plus\library\TM_DISC.llb
Mon Dec 01 15:50:17 Loaded file C:\Program Files\OrCAD\Layout_Plus\library\TM_RAD.llb
Mon Dec 01 15:50:17 Loaded file C:\Program Files\OrCAD\Layout_Plus\library\TO.llb
Mon Dec 01 15:50:17 Loaded file C:\Program Files\OrCAD\Layout_Plus\library\VRES.llb
Mon Dec 01 15:50:17 Loaded file C:\Program Files\OrCAD\Layout_Plus\library\WCON100T.llb
Mon Dec 01 15:50:17 Loaded file C:\Program Files\OrCAD\Layout_Plus\library\XT.llb
Mon Dec 01 15:50:17 Loaded file C:\Program Files\OrCAD\Layout_Plus\library\ZIGZAG.llb
Mon Dec 01 15:50:17 Loaded file C:\USERS\ATRIM_PCB\DESKTOP\MY_LIB\SHA_CAD-1.LLB
Mon Dec 01 15:50:17 Loaded file C:\USERS\ATRIM_PCB\DESKTOP\MY_LIB\SHA_CAD-1.LLB
Mon Dec 01 15:50:17 Loaded file C:\USERS\ATRIM_PCB\DESKTOP\MY_LIB\SHA_CAD-1.LLB
Mon Dec 01 15:50:17 Loaded file C:\USERS\ATRIM_PCB\DESKTOP\MY_LIB\SHA_CAD-1.LLB
Mon Dec 01 15:50:17 Loaded file C:\USERS\ATRIM_PCB\DESKTOP\MY_LIB\SHA_CAD-1.LLB
Mon Dec 01 15:50:17 Loaded file C:\USERS\ATRIM_PCB\DESKTOP\MY_LIB\SHA_CAD-1.LLB
Mon Dec 01 15:50:17 Loaded file C:\USERS\ATRIM_PCB\DESKTOP\MY_LIB\SHA_CAD-1.LLB
Mon Dec 01 15:50:17 Loaded file C:\USERS\ATRIM_PCB\DESKTOP\MY_LIB\SHA_CAD-1.LLB
Mon Dec 01 15:50:17 Loaded file C:\USERS\ATRIM_PCB\DESKTOP\MY_LIB\SHA_CAD-1.LLB
Mon Dec 01 15:50:17 Loaded file C:\USERS\ATRIM_PCB\DESKTOP\MY_LIB\SHA_CAD-1.LLB
Mon Dec 01 15:50:17 Loaded file C:\USERS\ATRIM_PCB\DESKTOP\MY_LIB\SHA_CAD-1.LLB
Mon Dec 01 15:50:17 Loaded file C:\USERS\ATRIM_PCB\DESKTOP\MY_LIB\SHA_CAD-1.LLB
Mon Dec 01 15:50:17 Loaded file C:\USERS\ATRIM_PCB\DESKTOP\MY_LIB\SHA_CAD-1.LLB
Mon Dec 01 15:50:17 Saved as file C:\USERS\ATRIM_PCB\DESKTOP\TEST\DESIGN31.MAX
Mon Dec 01 15:50:17 Loaded file C:\USERS\ATRIM_PCB\DESKTOP\TEST\DESIGN31.MAX
Mon Dec 01 15:51:33 Error code 5200.306
Mon Dec 01 15:51:33 Saved as file Backup0.max
Mon Dec 01 15:51:33 Windows which were open at time of error:
Mon Dec 01 15:51:33 	ActiveWindow: Library Manager
Mon Dec 01 15:51:33 End-of-list
Mon Dec 01 15:51:33 Loaded file BACKUP0.MAX
Mon Dec 01 15:58:42 Saved as file BACKUP1.MAX
Mon Dec 01 15:58:42 Saved as file C:\USERS\ATRIM_PCB\DESKTOP\TEST\DESIGN31.MAX
Mon Dec 01 15:58:42 UserDiv from Layout.INI for AutoECO: 60
Mon Dec 01 15:58:42 Loaded file C:\USERS\ATRIM_PCB\DESKTOP\TEST\DESIGN31.MAX
Mon Dec 01 15:58:42 Loaded file C:\USERS\ATRIM_PCB\DESKTOP\MY_LIB\MY.LLB
Mon Dec 01 15:58:42 Loaded file C:\USERS\ATRIM_PCB\DESKTOP\MY_LIB\SMD_WAVE.LLB
Mon Dec 01 15:58:42 Loaded file C:\USERS\ATRIM_PCB\DESKTOP\MY_LIB\SHA_CAD-1.LLB
Mon Dec 01 15:58:42 Loaded file C:\Program Files\OrCAD\Layout_Plus\library\CLCC.llb
Mon Dec 01 15:58:42 Loaded file C:\Program Files\OrCAD\Layout_Plus\library\DCON050T.llb
Mon Dec 01 15:58:42 Loaded file C:\Program Files\OrCAD\Layout_Plus\library\DCON085T.llb
Mon Dec 01 15:58:42 Loaded file C:\Program Files\OrCAD\Layout_Plus\library\DIMM050T.llb
Mon Dec 01 15:58:42 Loaded file C:\Program Files\OrCAD\Layout_Plus\library\DIN.llb
Mon Dec 01 15:58:42 Loaded file C:\Program Files\OrCAD\Layout_Plus\library\DIP100B.llb
Mon Dec 01 15:58:42 Loaded file C:\Program Files\OrCAD\Layout_Plus\library\DIP100T.llb
Mon Dec 01 15:58:42 Loaded file C:\Program Files\OrCAD\Layout_Plus\library\DSUBT.llb
Mon Dec 01 15:58:42 Loaded file C:\Program Files\OrCAD\Layout_Plus\library\DSUBT_HD.LLB
Mon Dec 01 15:58:42 Loaded file C:\Program Files\OrCAD\Layout_Plus\library\ECON100T.llb
Mon Dec 01 15:58:42 Loaded file C:\Program Files\OrCAD\Layout_Plus\library\FBUS.llb
Mon Dec 01 15:58:42 Loaded file C:\Program Files\OrCAD\Layout_Plus\library\ISA.llb
Mon Dec 01 15:58:42 Loaded file C:\Program Files\OrCAD\Layout_Plus\library\JUMPER.LLB
Mon Dec 01 15:58:42 Loaded file C:\Program Files\OrCAD\Layout_Plus\library\LAYOUT.llb
Mon Dec 01 15:58:42 Loaded file C:\Program Files\OrCAD\Layout_Plus\library\LCON100T.llb
Mon Dec 01 15:58:42 Loaded file C:\Program Files\OrCAD\Layout_Plus\library\PC104.llb
Mon Dec 01 15:58:42 Loaded file C:\Program Files\OrCAD\Layout_Plus\library\PCI.llb
Mon Dec 01 15:58:42 Loaded file C:\Program Files\OrCAD\Layout_Plus\library\PCON100T.llb
Mon Dec 01 15:58:42 Loaded file C:\Program Files\OrCAD\Layout_Plus\library\PCON156T.llb
Mon Dec 01 15:58:42 Loaded file C:\Program Files\OrCAD\Layout_Plus\library\PGA.llb
Mon Dec 01 15:58:42 Loaded file C:\Program Files\OrCAD\Layout_Plus\library\PLCC.llb
Mon Dec 01 15:58:42 Loaded file C:\Program Files\OrCAD\Layout_Plus\library\QUAD.llb
Mon Dec 01 15:58:42 Loaded file C:\Program Files\OrCAD\Layout_Plus\library\QUADB.llb
Mon Dec 01 15:58:42 Loaded file C:\Program Files\OrCAD\Layout_Plus\library\RELAY.llb
Mon Dec 01 15:58:42 Loaded file C:\Program Files\OrCAD\Layout_Plus\library\RF.llb
Mon Dec 01 15:58:42 Loaded file C:\Program Files\OrCAD\Layout_Plus\library\SBUS.llb
Mon Dec 01 15:58:42 Loaded file C:\Program Files\OrCAD\Layout_Plus\library\SIMM050F.llb
Mon Dec 01 15:58:42 Loaded file C:\Program Files\OrCAD\Layout_Plus\library\SIMM050T.llb
Mon Dec 01 15:58:42 Loaded file C:\Program Files\OrCAD\Layout_Plus\library\SIMM100F.llb
Mon Dec 01 15:58:42 Loaded file C:\Program Files\OrCAD\Layout_Plus\library\SIMM100T.llb
Mon Dec 01 15:58:42 Loaded file C:\Program Files\OrCAD\Layout_Plus\library\SIP.llb
Mon Dec 01 15:58:42 Loaded file C:\Program Files\OrCAD\Layout_Plus\library\SM.llb
Mon Dec 01 15:58:42 Loaded file C:\Program Files\OrCAD\Layout_Plus\library\SOG.llb
Mon Dec 01 15:58:42 Loaded file C:\Program Files\OrCAD\Layout_Plus\library\SOJ.llb
Mon Dec 01 15:58:42 Loaded file C:\Program Files\OrCAD\Layout_Plus\library\STIFF.llb
Mon Dec 01 15:58:42 Loaded file C:\Program Files\OrCAD\Layout_Plus\library\TELE.llb
Mon Dec 01 15:58:42 Loaded file C:\Program Files\OrCAD\Layout_Plus\library\TM_AXIAL.llb
Mon Dec 01 15:58:42 Loaded file C:\Program Files\OrCAD\Layout_Plus\library\TM_CAP_P.llb
Mon Dec 01 15:58:42 Loaded file C:\Program Files\OrCAD\Layout_Plus\library\TM_CYLND.llb
Mon Dec 01 15:58:42 Loaded file C:\Program Files\OrCAD\Layout_Plus\library\TM_DIODE.llb
Mon Dec 01 15:58:42 Loaded file C:\Program Files\OrCAD\Layout_Plus\library\TM_DISC.llb
Mon Dec 01 15:58:42 Loaded file C:\Program Files\OrCAD\Layout_Plus\library\TM_RAD.llb
Mon Dec 01 15:58:42 Loaded file C:\Program Files\OrCAD\Layout_Plus\library\TO.llb
Mon Dec 01 15:58:42 Loaded file C:\Program Files\OrCAD\Layout_Plus\library\VRES.llb
Mon Dec 01 15:58:42 Loaded file C:\Program Files\OrCAD\Layout_Plus\library\WCON100T.llb
Mon Dec 01 15:58:42 Loaded file C:\Program Files\OrCAD\Layout_Plus\library\XT.llb
Mon Dec 01 15:58:42 Loaded file C:\Program Files\OrCAD\Layout_Plus\library\ZIGZAG.llb
Mon Dec 01 15:58:42 Loaded file C:\USERS\ATRIM_PCB\DESKTOP\MY_LIB\SHA_CAD-1.LLB
Mon Dec 01 15:58:42 Loaded file C:\USERS\ATRIM_PCB\DESKTOP\MY_LIB\MY.LLB
Mon Dec 01 15:58:42 Loaded file C:\USERS\ATRIM_PCB\DESKTOP\MY_LIB\SHA_CAD-1.LLB
Mon Dec 01 15:58:43 Loaded file C:\USERS\ATRIM_PCB\DESKTOP\TEST\DESIGN31.MAX
Mon Dec 01 15:58:43 Saved as file C:\USERS\ATRIM_PCB\DESKTOP\TEST\DESIGN31.MAX
Mon Dec 01 15:58:43 Loaded file C:\USERS\ATRIM_PCB\DESKTOP\TEST\DESIGN31.MAX
Mon Dec 01 15:59:16 Saved as file BACKUP1.MAX
Mon Dec 01 15:59:16 Saved as file C:\USERS\ATRIM_PCB\DESKTOP\TEST\DESIGN31.MAX
Mon Dec 01 15:59:16 UserDiv from Layout.INI for AutoECO: 60
Mon Dec 01 15:59:16 Loaded file C:\USERS\ATRIM_PCB\DESKTOP\TEST\DESIGN31.MAX
Mon Dec 01 15:59:16 Loaded file C:\USERS\ATRIM_PCB\DESKTOP\MY_LIB\MY.LLB
Mon Dec 01 15:59:16 Loaded file C:\USERS\ATRIM_PCB\DESKTOP\MY_LIB\SMD_WAVE.LLB
Mon Dec 01 15:59:16 Loaded file C:\USERS\ATRIM_PCB\DESKTOP\MY_LIB\SHA_CAD-1.LLB
Mon Dec 01 15:59:16 Loaded file C:\Program Files\OrCAD\Layout_Plus\library\CLCC.llb
Mon Dec 01 15:59:16 Loaded file C:\Program Files\OrCAD\Layout_Plus\library\DCON050T.llb
Mon Dec 01 15:59:16 Loaded file C:\Program Files\OrCAD\Layout_Plus\library\DCON085T.llb
Mon Dec 01 15:59:16 Loaded file C:\Program Files\OrCAD\Layout_Plus\library\DIMM050T.llb
Mon Dec 01 15:59:16 Loaded file C:\Program Files\OrCAD\Layout_Plus\library\DIN.llb
Mon Dec 01 15:59:16 Loaded file C:\Program Files\OrCAD\Layout_Plus\library\DIP100B.llb
Mon Dec 01 15:59:16 Loaded file C:\Program Files\OrCAD\Layout_Plus\library\DIP100T.llb
Mon Dec 01 15:59:16 Loaded file C:\Program Files\OrCAD\Layout_Plus\library\DSUBT.llb
Mon Dec 01 15:59:16 Loaded file C:\Program Files\OrCAD\Layout_Plus\library\DSUBT_HD.LLB
Mon Dec 01 15:59:16 Loaded file C:\Program Files\OrCAD\Layout_Plus\library\ECON100T.llb
Mon Dec 01 15:59:16 Loaded file C:\Program Files\OrCAD\Layout_Plus\library\FBUS.llb
Mon Dec 01 15:59:16 Loaded file C:\Program Files\OrCAD\Layout_Plus\library\ISA.llb
Mon Dec 01 15:59:16 Loaded file C:\Program Files\OrCAD\Layout_Plus\library\JUMPER.LLB
Mon Dec 01 15:59:16 Loaded file C:\Program Files\OrCAD\Layout_Plus\library\LAYOUT.llb
Mon Dec 01 15:59:16 Loaded file C:\Program Files\OrCAD\Layout_Plus\library\LCON100T.llb
Mon Dec 01 15:59:16 Loaded file C:\Program Files\OrCAD\Layout_Plus\library\PC104.llb
Mon Dec 01 15:59:16 Loaded file C:\Program Files\OrCAD\Layout_Plus\library\PCI.llb
Mon Dec 01 15:59:16 Loaded file C:\Program Files\OrCAD\Layout_Plus\library\PCON100T.llb
Mon Dec 01 15:59:16 Loaded file C:\Program Files\OrCAD\Layout_Plus\library\PCON156T.llb
Mon Dec 01 15:59:16 Loaded file C:\Program Files\OrCAD\Layout_Plus\library\PGA.llb
Mon Dec 01 15:59:17 Loaded file C:\Program Files\OrCAD\Layout_Plus\library\PLCC.llb
Mon Dec 01 15:59:17 Loaded file C:\Program Files\OrCAD\Layout_Plus\library\QUAD.llb
Mon Dec 01 15:59:17 Loaded file C:\Program Files\OrCAD\Layout_Plus\library\QUADB.llb
Mon Dec 01 15:59:17 Loaded file C:\Program Files\OrCAD\Layout_Plus\library\RELAY.llb
Mon Dec 01 15:59:17 Loaded file C:\Program Files\OrCAD\Layout_Plus\library\RF.llb
Mon Dec 01 15:59:17 Loaded file C:\Program Files\OrCAD\Layout_Plus\library\SBUS.llb
Mon Dec 01 15:59:17 Loaded file C:\Program Files\OrCAD\Layout_Plus\library\SIMM050F.llb
Mon Dec 01 15:59:17 Loaded file C:\Program Files\OrCAD\Layout_Plus\library\SIMM050T.llb
Mon Dec 01 15:59:17 Loaded file C:\Program Files\OrCAD\Layout_Plus\library\SIMM100F.llb
Mon Dec 01 15:59:17 Loaded file C:\Program Files\OrCAD\Layout_Plus\library\SIMM100T.llb
Mon Dec 01 15:59:17 Loaded file C:\Program Files\OrCAD\Layout_Plus\library\SIP.llb
Mon Dec 01 15:59:17 Loaded file C:\Program Files\OrCAD\Layout_Plus\library\SM.llb
Mon Dec 01 15:59:17 Loaded file C:\Program Files\OrCAD\Layout_Plus\library\SOG.llb
Mon Dec 01 15:59:17 Loaded file C:\Program Files\OrCAD\Layout_Plus\library\SOJ.llb
Mon Dec 01 15:59:17 Loaded file C:\Program Files\OrCAD\Layout_Plus\library\STIFF.llb
Mon Dec 01 15:59:17 Loaded file C:\Program Files\OrCAD\Layout_Plus\library\TELE.llb
Mon Dec 01 15:59:17 Loaded file C:\Program Files\OrCAD\Layout_Plus\library\TM_AXIAL.llb
Mon Dec 01 15:59:17 Loaded file C:\Program Files\OrCAD\Layout_Plus\library\TM_CAP_P.llb
Mon Dec 01 15:59:17 Loaded file C:\Program Files\OrCAD\Layout_Plus\library\TM_CYLND.llb
Mon Dec 01 15:59:17 Loaded file C:\Program Files\OrCAD\Layout_Plus\library\TM_DIODE.llb
Mon Dec 01 15:59:17 Loaded file C:\Program Files\OrCAD\Layout_Plus\library\TM_DISC.llb
Mon Dec 01 15:59:17 Loaded file C:\Program Files\OrCAD\Layout_Plus\library\TM_RAD.llb
Mon Dec 01 15:59:17 Loaded file C:\Program Files\OrCAD\Layout_Plus\library\TO.llb
Mon Dec 01 15:59:17 Loaded file C:\Program Files\OrCAD\Layout_Plus\library\VRES.llb
Mon Dec 01 15:59:17 Loaded file C:\Program Files\OrCAD\Layout_Plus\library\WCON100T.llb
Mon Dec 01 15:59:17 Loaded file C:\Program Files\OrCAD\Layout_Plus\library\XT.llb
Mon Dec 01 15:59:17 Loaded file C:\Program Files\OrCAD\Layout_Plus\library\ZIGZAG.llb
Mon Dec 01 15:59:17 Loaded file C:\USERS\ATRIM_PCB\DESKTOP\MY_LIB\SHA_CAD-1.LLB
Mon Dec 01 15:59:17 Loaded file C:\USERS\ATRIM_PCB\DESKTOP\MY_LIB\MY.LLB
Mon Dec 01 15:59:17 Loaded file C:\USERS\ATRIM_PCB\DESKTOP\MY_LIB\SHA_CAD-1.LLB
Mon Dec 01 15:59:17 Loaded file C:\USERS\ATRIM_PCB\DESKTOP\TEST\DESIGN31.MAX
Mon Dec 01 15:59:17 Saved as file C:\USERS\ATRIM_PCB\DESKTOP\TEST\DESIGN31.MAX
Mon Dec 01 15:59:17 Loaded file C:\USERS\ATRIM_PCB\DESKTOP\TEST\DESIGN31.MAX
Mon Dec 01 16:00:09 Saved as file BACKUP1.MAX
Mon Dec 01 16:00:09 Saved as file C:\USERS\ATRIM_PCB\DESKTOP\TEST\DESIGN31.MAX
Mon Dec 01 16:00:09 UserDiv from Layout.INI for AutoECO: 60
Mon Dec 01 16:00:09 Loaded file C:\USERS\ATRIM_PCB\DESKTOP\TEST\DESIGN31.MAX
Mon Dec 01 16:00:09 Loaded file C:\USERS\ATRIM_PCB\DESKTOP\MY_LIB\MY.LLB
Mon Dec 01 16:00:09 Loaded file C:\USERS\ATRIM_PCB\DESKTOP\MY_LIB\SMD_WAVE.LLB
Mon Dec 01 16:00:09 Loaded file C:\USERS\ATRIM_PCB\DESKTOP\MY_LIB\SHA_CAD-1.LLB
Mon Dec 01 16:00:09 Loaded file C:\Program Files\OrCAD\Layout_Plus\library\CLCC.llb
Mon Dec 01 16:00:09 Loaded file C:\Program Files\OrCAD\Layout_Plus\library\DCON050T.llb
Mon Dec 01 16:00:09 Loaded file C:\Program Files\OrCAD\Layout_Plus\library\DCON085T.llb
Mon Dec 01 16:00:09 Loaded file C:\Program Files\OrCAD\Layout_Plus\library\DIMM050T.llb
Mon Dec 01 16:00:09 Loaded file C:\Program Files\OrCAD\Layout_Plus\library\DIN.llb
Mon Dec 01 16:00:09 Loaded file C:\Program Files\OrCAD\Layout_Plus\library\DIP100B.llb
Mon Dec 01 16:00:09 Loaded file C:\Program Files\OrCAD\Layout_Plus\library\DIP100T.llb
Mon Dec 01 16:00:09 Loaded file C:\Program Files\OrCAD\Layout_Plus\library\DSUBT.llb
Mon Dec 01 16:00:09 Loaded file C:\Program Files\OrCAD\Layout_Plus\library\DSUBT_HD.LLB
Mon Dec 01 16:00:09 Loaded file C:\Program Files\OrCAD\Layout_Plus\library\ECON100T.llb
Mon Dec 01 16:00:09 Loaded file C:\Program Files\OrCAD\Layout_Plus\library\FBUS.llb
Mon Dec 01 16:00:09 Loaded file C:\Program Files\OrCAD\Layout_Plus\library\ISA.llb
Mon Dec 01 16:00:09 Loaded file C:\Program Files\OrCAD\Layout_Plus\library\JUMPER.LLB
Mon Dec 01 16:00:09 Loaded file C:\Program Files\OrCAD\Layout_Plus\library\LAYOUT.llb
Mon Dec 01 16:00:09 Loaded file C:\Program Files\OrCAD\Layout_Plus\library\LCON100T.llb
Mon Dec 01 16:00:09 Loaded file C:\Program Files\OrCAD\Layout_Plus\library\PC104.llb
Mon Dec 01 16:00:09 Loaded file C:\Program Files\OrCAD\Layout_Plus\library\PCI.llb
Mon Dec 01 16:00:09 Loaded file C:\Program Files\OrCAD\Layout_Plus\library\PCON100T.llb
Mon Dec 01 16:00:09 Loaded file C:\Program Files\OrCAD\Layout_Plus\library\PCON156T.llb
Mon Dec 01 16:00:09 Loaded file C:\Program Files\OrCAD\Layout_Plus\library\PGA.llb
Mon Dec 01 16:00:09 Loaded file C:\Program Files\OrCAD\Layout_Plus\library\PLCC.llb
Mon Dec 01 16:00:09 Loaded file C:\Program Files\OrCAD\Layout_Plus\library\QUAD.llb
Mon Dec 01 16:00:09 Loaded file C:\Program Files\OrCAD\Layout_Plus\library\QUADB.llb
Mon Dec 01 16:00:09 Loaded file C:\Program Files\OrCAD\Layout_Plus\library\RELAY.llb
Mon Dec 01 16:00:09 Loaded file C:\Program Files\OrCAD\Layout_Plus\library\RF.llb
Mon Dec 01 16:00:09 Loaded file C:\Program Files\OrCAD\Layout_Plus\library\SBUS.llb
Mon Dec 01 16:00:09 Loaded file C:\Program Files\OrCAD\Layout_Plus\library\SIMM050F.llb
Mon Dec 01 16:00:09 Loaded file C:\Program Files\OrCAD\Layout_Plus\library\SIMM050T.llb
Mon Dec 01 16:00:09 Loaded file C:\Program Files\OrCAD\Layout_Plus\library\SIMM100F.llb
Mon Dec 01 16:00:09 Loaded file C:\Program Files\OrCAD\Layout_Plus\library\SIMM100T.llb
Mon Dec 01 16:00:09 Loaded file C:\Program Files\OrCAD\Layout_Plus\library\SIP.llb
Mon Dec 01 16:00:09 Loaded file C:\Program Files\OrCAD\Layout_Plus\library\SM.llb
Mon Dec 01 16:00:09 Loaded file C:\Program Files\OrCAD\Layout_Plus\library\SOG.llb
Mon Dec 01 16:00:09 Loaded file C:\Program Files\OrCAD\Layout_Plus\library\SOJ.llb
Mon Dec 01 16:00:09 Loaded file C:\Program Files\OrCAD\Layout_Plus\library\STIFF.llb
Mon Dec 01 16:00:09 Loaded file C:\Program Files\OrCAD\Layout_Plus\library\TELE.llb
Mon Dec 01 16:00:09 Loaded file C:\Program Files\OrCAD\Layout_Plus\library\TM_AXIAL.llb
Mon Dec 01 16:00:09 Loaded file C:\Program Files\OrCAD\Layout_Plus\library\TM_CAP_P.llb
Mon Dec 01 16:00:09 Loaded file C:\Program Files\OrCAD\Layout_Plus\library\TM_CYLND.llb
Mon Dec 01 16:00:09 Loaded file C:\Program Files\OrCAD\Layout_Plus\library\TM_DIODE.llb
Mon Dec 01 16:00:09 Loaded file C:\Program Files\OrCAD\Layout_Plus\library\TM_DISC.llb
Mon Dec 01 16:00:09 Loaded file C:\Program Files\OrCAD\Layout_Plus\library\TM_RAD.llb
Mon Dec 01 16:00:09 Loaded file C:\Program Files\OrCAD\Layout_Plus\library\TO.llb
Mon Dec 01 16:00:09 Loaded file C:\Program Files\OrCAD\Layout_Plus\library\VRES.llb
Mon Dec 01 16:00:09 Loaded file C:\Program Files\OrCAD\Layout_Plus\library\WCON100T.llb
Mon Dec 01 16:00:09 Loaded file C:\Program Files\OrCAD\Layout_Plus\library\XT.llb
Mon Dec 01 16:00:09 Loaded file C:\Program Files\OrCAD\Layout_Plus\library\ZIGZAG.llb
Mon Dec 01 16:00:09 Loaded file C:\USERS\ATRIM_PCB\DESKTOP\MY_LIB\SHA_CAD-1.LLB
Mon Dec 01 16:00:09 Loaded file C:\USERS\ATRIM_PCB\DESKTOP\MY_LIB\MY.LLB
Mon Dec 01 16:00:09 Loaded file C:\USERS\ATRIM_PCB\DESKTOP\MY_LIB\SHA_CAD-1.LLB
Mon Dec 01 16:00:10 Loaded file C:\USERS\ATRIM_PCB\DESKTOP\TEST\DESIGN31.MAX
Mon Dec 01 16:00:10 Saved as file C:\USERS\ATRIM_PCB\DESKTOP\TEST\DESIGN31.MAX
Mon Dec 01 16:00:10 Loaded file C:\USERS\ATRIM_PCB\DESKTOP\TEST\DESIGN31.MAX
Mon Dec 01 16:00:49 Saved as file BACKUP1.MAX
Mon Dec 01 16:00:49 Saved as file C:\USERS\ATRIM_PCB\DESKTOP\TEST\DESIGN31.MAX
Mon Dec 01 16:00:49 UserDiv from Layout.INI for AutoECO: 60
Mon Dec 01 16:00:49 Loaded file C:\USERS\ATRIM_PCB\DESKTOP\TEST\DESIGN31.MAX
Mon Dec 01 16:00:49 Loaded file C:\USERS\ATRIM_PCB\DESKTOP\MY_LIB\MY.LLB
Mon Dec 01 16:00:49 Loaded file C:\USERS\ATRIM_PCB\DESKTOP\MY_LIB\SMD_WAVE.LLB
Mon Dec 01 16:00:49 Loaded file C:\USERS\ATRIM_PCB\DESKTOP\MY_LIB\SHA_CAD-1.LLB
Mon Dec 01 16:00:49 Loaded file C:\Program Files\OrCAD\Layout_Plus\library\CLCC.llb
Mon Dec 01 16:00:49 Loaded file C:\Program Files\OrCAD\Layout_Plus\library\DCON050T.llb
Mon Dec 01 16:00:49 Loaded file C:\Program Files\OrCAD\Layout_Plus\library\DCON085T.llb
Mon Dec 01 16:00:49 Loaded file C:\Program Files\OrCAD\Layout_Plus\library\DIMM050T.llb
Mon Dec 01 16:00:49 Loaded file C:\Program Files\OrCAD\Layout_Plus\library\DIN.llb
Mon Dec 01 16:00:49 Loaded file C:\Program Files\OrCAD\Layout_Plus\library\DIP100B.llb
Mon Dec 01 16:00:49 Loaded file C:\Program Files\OrCAD\Layout_Plus\library\DIP100T.llb
Mon Dec 01 16:00:49 Loaded file C:\Program Files\OrCAD\Layout_Plus\library\DSUBT.llb
Mon Dec 01 16:00:49 Loaded file C:\Program Files\OrCAD\Layout_Plus\library\DSUBT_HD.LLB
Mon Dec 01 16:00:49 Loaded file C:\Program Files\OrCAD\Layout_Plus\library\ECON100T.llb
Mon Dec 01 16:00:49 Loaded file C:\Program Files\OrCAD\Layout_Plus\library\FBUS.llb
Mon Dec 01 16:00:49 Loaded file C:\Program Files\OrCAD\Layout_Plus\library\ISA.llb
Mon Dec 01 16:00:49 Loaded file C:\Program Files\OrCAD\Layout_Plus\library\JUMPER.LLB
Mon Dec 01 16:00:49 Loaded file C:\Program Files\OrCAD\Layout_Plus\library\LAYOUT.llb
Mon Dec 01 16:00:49 Loaded file C:\Program Files\OrCAD\Layout_Plus\library\LCON100T.llb
Mon Dec 01 16:00:49 Loaded file C:\Program Files\OrCAD\Layout_Plus\library\PC104.llb
Mon Dec 01 16:00:49 Loaded file C:\Program Files\OrCAD\Layout_Plus\library\PCI.llb
Mon Dec 01 16:00:49 Loaded file C:\Program Files\OrCAD\Layout_Plus\library\PCON100T.llb
Mon Dec 01 16:00:49 Loaded file C:\Program Files\OrCAD\Layout_Plus\library\PCON156T.llb
Mon Dec 01 16:00:49 Loaded file C:\Program Files\OrCAD\Layout_Plus\library\PGA.llb
Mon Dec 01 16:00:49 Loaded file C:\Program Files\OrCAD\Layout_Plus\library\PLCC.llb
Mon Dec 01 16:00:49 Loaded file C:\Program Files\OrCAD\Layout_Plus\library\QUAD.llb
Mon Dec 01 16:00:49 Loaded file C:\Program Files\OrCAD\Layout_Plus\library\QUADB.llb
Mon Dec 01 16:00:49 Loaded file C:\Program Files\OrCAD\Layout_Plus\library\RELAY.llb
Mon Dec 01 16:00:49 Loaded file C:\Program Files\OrCAD\Layout_Plus\library\RF.llb
Mon Dec 01 16:00:49 Loaded file C:\Program Files\OrCAD\Layout_Plus\library\SBUS.llb
Mon Dec 01 16:00:49 Loaded file C:\Program Files\OrCAD\Layout_Plus\library\SIMM050F.llb
Mon Dec 01 16:00:49 Loaded file C:\Program Files\OrCAD\Layout_Plus\library\SIMM050T.llb
Mon Dec 01 16:00:49 Loaded file C:\Program Files\OrCAD\Layout_Plus\library\SIMM100F.llb
Mon Dec 01 16:00:49 Loaded file C:\Program Files\OrCAD\Layout_Plus\library\SIMM100T.llb
Mon Dec 01 16:00:49 Loaded file C:\Program Files\OrCAD\Layout_Plus\library\SIP.llb
Mon Dec 01 16:00:49 Loaded file C:\Program Files\OrCAD\Layout_Plus\library\SM.llb
Mon Dec 01 16:00:49 Loaded file C:\Program Files\OrCAD\Layout_Plus\library\SOG.llb
Mon Dec 01 16:00:49 Loaded file C:\Program Files\OrCAD\Layout_Plus\library\SOJ.llb
Mon Dec 01 16:00:49 Loaded file C:\Program Files\OrCAD\Layout_Plus\library\STIFF.llb
Mon Dec 01 16:00:49 Loaded file C:\Program Files\OrCAD\Layout_Plus\library\TELE.llb
Mon Dec 01 16:00:49 Loaded file C:\Program Files\OrCAD\Layout_Plus\library\TM_AXIAL.llb
Mon Dec 01 16:00:49 Loaded file C:\Program Files\OrCAD\Layout_Plus\library\TM_CAP_P.llb
Mon Dec 01 16:00:49 Loaded file C:\Program Files\OrCAD\Layout_Plus\library\TM_CYLND.llb
Mon Dec 01 16:00:49 Loaded file C:\Program Files\OrCAD\Layout_Plus\library\TM_DIODE.llb
Mon Dec 01 16:00:49 Loaded file C:\Program Files\OrCAD\Layout_Plus\library\TM_DISC.llb
Mon Dec 01 16:00:49 Loaded file C:\Program Files\OrCAD\Layout_Plus\library\TM_RAD.llb
Mon Dec 01 16:00:49 Loaded file C:\Program Files\OrCAD\Layout_Plus\library\TO.llb
Mon Dec 01 16:00:49 Loaded file C:\Program Files\OrCAD\Layout_Plus\library\VRES.llb
Mon Dec 01 16:00:49 Loaded file C:\Program Files\OrCAD\Layout_Plus\library\WCON100T.llb
Mon Dec 01 16:00:49 Loaded file C:\Program Files\OrCAD\Layout_Plus\library\XT.llb
Mon Dec 01 16:00:49 Loaded file C:\Program Files\OrCAD\Layout_Plus\library\ZIGZAG.llb
Mon Dec 01 16:00:49 Loaded file C:\USERS\ATRIM_PCB\DESKTOP\MY_LIB\SHA_CAD-1.LLB
Mon Dec 01 16:00:49 Loaded file C:\USERS\ATRIM_PCB\DESKTOP\MY_LIB\MY.LLB
Mon Dec 01 16:00:49 Loaded file C:\USERS\ATRIM_PCB\DESKTOP\MY_LIB\SHA_CAD-1.LLB
Mon Dec 01 16:00:49 Saved as file C:\USERS\ATRIM_PCB\DESKTOP\TEST\DESIGN31.MAX
Mon Dec 01 16:00:49 Loaded file C:\USERS\ATRIM_PCB\DESKTOP\TEST\DESIGN31.MAX
Mon Dec 01 16:01:18 Saved as file C:\USERS\ATRIM_PCB\DESKTOP\TEST\DESIGN31.MAX
Mon Dec 01 16:01:18 Saved as file C:\USERS\ATRIM_PCB\DESKTOP\TEST\DESIGN31.MAX
Mon Dec 01 16:02:16 Loaded file C:\Program Files\OrCAD\Layout_Plus\data\template.imp
Mon Dec 01 16:02:16 Loaded file C:\Program Files\OrCAD\Layout_Plus\data\template.imp
Mon Dec 01 16:02:17 Loaded file C:\Program Files\OrCAD\Layout_Plus\data\template.imp
Mon Dec 01 16:02:17 Loaded file C:\Program Files\OrCAD\Layout_Plus\data\template.imp
Mon Dec 01 16:02:17 Loaded file C:\USERS\ATRIM_PCB\DESKTOP\MY_LIB\SMD_WAVE.LLB
Mon Dec 01 16:02:21 Loaded file C:\Program Files\OrCAD\Layout_Plus\library\DCON050T.llb
Mon Dec 01 16:02:22 Loaded file C:\USERS\ATRIM_PCB\DESKTOP\MY_LIB\SHA_CAD-1.LLB
Mon Dec 01 16:02:29 Loaded file C:\Program Files\OrCAD\Layout_Plus\data\template.imp
Mon Dec 01 16:02:37 Loaded file C:\Program Files\OrCAD\Layout_Plus\data\template.imp
Mon Dec 01 16:02:37 Loaded file C:\Program Files\OrCAD\Layout_Plus\data\template.imp
Mon Dec 01 16:02:37 Loaded file C:\Program Files\OrCAD\Layout_Plus\data\template.imp
Mon Dec 01 16:02:37 Loaded file C:\Program Files\OrCAD\Layout_Plus\data\template.imp
Mon Dec 01 16:02:38 Loaded file C:\USERS\ATRIM_PCB\DESKTOP\MY_LIB\SMD_WAVE.LLB
Mon Dec 01 16:02:42 Loaded file C:\USERS\ATRIM_PCB\DESKTOP\MY_LIB\SHA_CAD-1.LLB
Mon Dec 01 16:02:49 Loaded file C:\Program Files\OrCAD\Layout_Plus\data\template.imp
Mon Dec 01 16:08:33 Saved as file C:\USERS\ATRIM_PCB\DESKTOP\TEST\DESIGN31.MAX
Mon Dec 01 16:08:53 Loaded file C:\Program Files\OrCAD\Layout_Plus\data\template.imp
Mon Dec 01 16:08:53 Loaded file C:\Program Files\OrCAD\Layout_Plus\data\template.imp
Mon Dec 01 16:08:53 Loaded file C:\Program Files\OrCAD\Layout_Plus\data\template.imp
Mon Dec 01 16:08:53 Loaded file C:\Program Files\OrCAD\Layout_Plus\data\template.imp
Mon Dec 01 16:08:54 Loaded file C:\USERS\ATRIM_PCB\DESKTOP\MY_LIB\SMD_WAVE.LLB
Mon Dec 01 16:08:57 Loaded file C:\USERS\ATRIM_PCB\DESKTOP\MY_LIB\SHA_CAD-1.LLB
Mon Dec 01 16:09:00 Loaded file C:\Program Files\OrCAD\Layout_Plus\data\template.imp
Mon Dec 01 16:10:11 Saved as file BACKUP1.MAX
Mon Dec 01 16:19:36 Saved as file C:\USERS\ATRIM_PCB\DESKTOP\TEST\DESIGN31.MAX
Mon Dec 01 16:19:50 Saved as file C:\USERS\ATRIM_PCB\DESKTOP\TEST\DESIGN31.MAX
Mon Dec 01 16:20:02 Saved as file C:\USERS\ATRIM_PCB\DESKTOP\TEST\DESIGN31.MAX
Mon Dec 01 16:20:29 Saved as file C:\USERS\ATRIM_PCB\DESKTOP\TEST\DESIGN31.MAX
Mon Dec 01 16:21:11 Saved as file BACKUP1.MAX
Mon Dec 01 16:26:20 Saved as file C:\USERS\ATRIM_PCB\DESKTOP\TEST\DESIGN31.MAX
Mon Dec 01 16:26:51 Saved as file C:\USERS\ATRIM_PCB\DESKTOP\TEST\DESIGN31.MAX
Mon Dec 01 16:31:12 Saved as file BACKUP1.MAX
Mon Dec 01 16:41:02 Saved as file C:\USERS\ATRIM_PCB\DESKTOP\TEST\DESIGN31.MAX
Mon Dec 01 16:41:12 Saved as file BACKUP1.MAX
Mon Dec 01 16:44:44 Saved as file C:\USERS\ATRIM_PCB\DESKTOP\TEST\DESIGN31.MAX
Mon Dec 01 16:45:05 Loaded file C:\Program Files\OrCAD\Layout_Plus\data\template.imp
Mon Dec 01 16:45:05 Loaded file C:\Program Files\OrCAD\Layout_Plus\data\template.imp
Mon Dec 01 16:45:05 Loaded file C:\Program Files\OrCAD\Layout_Plus\data\template.imp
Mon Dec 01 16:45:05 Loaded file C:\Program Files\OrCAD\Layout_Plus\data\template.imp
Mon Dec 01 16:45:06 Loaded file C:\USERS\ATRIM_PCB\DESKTOP\MY_LIB\SHA_CAD-1.LLB
Mon Dec 01 16:45:11 Loaded file C:\Program Files\OrCAD\Layout_Plus\data\template.imp
Mon Dec 01 16:45:11 Loaded file C:\Program Files\OrCAD\Layout_Plus\data\template.imp
Mon Dec 01 16:49:26 Saved as file C:\USERS\ATRIM_PCB\DESKTOP\TEST\DESIGN31.MAX
Mon Dec 01 16:50:42 Saved as file C:\USERS\ATRIM_PCB\DESKTOP\TEST\DESIGN31.MAX
Mon Dec 01 16:51:42 Saved as file BACKUP1.MAX
Mon Dec 01 16:54:49 Saved as file C:\USERS\ATRIM_PCB\DESKTOP\TEST\DESIGN31.MAX
Mon Dec 01 16:55:58 Saved as file C:\USERS\ATRIM_PCB\DESKTOP\TEST\DESIGN31.MAX
Mon Dec 01 16:56:15 Saved as file C:\USERS\ATRIM_PCB\DESKTOP\TEST\DESIGN31.MAX
Mon Dec 01 16:56:21 Saved as file C:\USERS\ATRIM_PCB\DESKTOP\TEST\DESIGN31.MAX
Mon Dec 01 17:02:25 Saved as file C:\USERS\ATRIM_PCB\DESKTOP\TEST\DESIGN31.MAX
Mon Dec 01 17:03:08 Loaded file C:\Program Files\OrCAD\Layout_Plus\data\template.imp
Mon Dec 01 17:03:08 Loaded file C:\Program Files\OrCAD\Layout_Plus\data\template.imp
Mon Dec 01 17:03:09 Loaded file C:\USERS\ATRIM_PCB\DESKTOP\MY_LIB\SMD_WAVE.LLB
Mon Dec 01 17:03:10 Loaded file C:\USERS\ATRIM_PCB\DESKTOP\MY_LIB\SHA_CAD-1.LLB
Mon Dec 01 17:03:13 Loaded file C:\Program Files\OrCAD\Layout_Plus\data\template.imp
Mon Dec 01 17:03:13 Loaded file C:\Program Files\OrCAD\Layout_Plus\data\template.imp
Mon Dec 01 17:03:14 Loaded file C:\Program Files\OrCAD\Layout_Plus\data\template.imp
Mon Dec 01 17:03:43 Saved as file BACKUP1.MAX
Mon Dec 01 17:03:43 Saved as file C:\USERS\ATRIM_PCB\DESKTOP\TEST\DESIGN31.MAX
Mon Dec 01 17:04:15 Saved as file C:\USERS\ATRIM_PCB\DESKTOP\TEST\DESIGN31.MAX
Mon Dec 01 17:04:56 Saved as file C:\USERS\ATRIM_PCB\DESKTOP\TEST\DESIGN31.MAX
Mon Dec 01 17:04:59 Saved as file C:\USERS\ATRIM_PCB\DESKTOP\TEST\DESIGN31.MAX
Mon Dec 01 17:05:34 Saved as file C:\USERS\ATRIM_PCB\DESKTOP\TEST\DESIGN31.MAX
Mon Dec 01 17:05:39 Saved as file C:\USERS\ATRIM_PCB\DESKTOP\TEST\DESIGN31.MAX
Mon Dec 01 17:06:57 Saved as file C:\USERS\ATRIM_PCB\DESKTOP\TEST\DESIGN31.MAX
Mon Dec 01 17:07:08 Saved as file C:\USERS\ATRIM_PCB\DESKTOP\TEST\DESIGN31.MAX
Mon Dec 01 17:18:06 Loaded file C:\Program Files\OrCAD\Layout_Plus\data\template.imp
Mon Dec 01 17:18:06 Loaded file C:\Program Files\OrCAD\Layout_Plus\data\template.imp
Mon Dec 01 17:18:07 Loaded file C:\USERS\ATRIM_PCB\DESKTOP\MY_LIB\SHA_CAD-1.LLB
Mon Dec 01 17:18:17 Loaded file C:\Program Files\OrCAD\Layout_Plus\data\template.imp
Mon Dec 01 17:18:30 Loaded file C:\Program Files\OrCAD\Layout_Plus\data\template.imp
Mon Dec 01 17:18:30 Loaded file C:\Program Files\OrCAD\Layout_Plus\data\template.imp
Mon Dec 01 17:18:31 Loaded file C:\USERS\ATRIM_PCB\DESKTOP\MY_LIB\SHA_CAD-1.LLB
Mon Dec 01 17:18:36 Loaded file C:\Program Files\OrCAD\Layout_Plus\data\template.imp
Mon Dec 01 17:33:30 Saved as file C:\USERS\ATRIM_PCB\DESKTOP\TEST\DESIGN31.MAX
Mon Dec 01 17:38:44 Saved as file C:\USERS\ATRIM_PCB\DESKTOP\TEST\DESIGN31.MAX
Mon Dec 01 17:44:09 Saved as file C:\USERS\ATRIM_PCB\DESKTOP\TEST\DESIGN31.MAX
Tue Dec 02 14:57:15 Saved as file BACKUP1.MAX
Tue Dec 02 14:58:26 Saved as file BACKUP1.MAX
Tue Dec 02 14:58:26 Saved as file C:\USERS\ATRIM_PCB\DESKTOP\HEX INJECTOR - COPY\DESIGN31.MAX
Tue Dec 02 14:58:26 UserDiv from Layout.INI for AutoECO: 60
Tue Dec 02 14:58:26 Loaded file C:\USERS\ATRIM_PCB\DESKTOP\HEX INJECTOR - COPY\DESIGN31.MAX
Tue Dec 02 14:58:26 Loaded file C:\USERS\ATRIM_PCB\DESKTOP\MY_LIB\MY.LLB
Tue Dec 02 14:58:26 Loaded file C:\USERS\ATRIM_PCB\DESKTOP\MY_LIB\SMD_WAVE.LLB
Tue Dec 02 14:58:26 Loaded file C:\USERS\ATRIM_PCB\DESKTOP\MY_LIB\SHA_CAD-1.LLB
Tue Dec 02 14:58:26 Loaded file C:\Program Files\OrCAD\Layout_Plus\library\CLCC.llb
Tue Dec 02 14:58:26 Loaded file C:\Program Files\OrCAD\Layout_Plus\library\DCON050T.llb
Tue Dec 02 14:58:26 Loaded file C:\Program Files\OrCAD\Layout_Plus\library\DCON085T.llb
Tue Dec 02 14:58:26 Loaded file C:\Program Files\OrCAD\Layout_Plus\library\DIMM050T.llb
Tue Dec 02 14:58:26 Loaded file C:\Program Files\OrCAD\Layout_Plus\library\DIN.llb
Tue Dec 02 14:58:26 Loaded file C:\Program Files\OrCAD\Layout_Plus\library\DIP100B.llb
Tue Dec 02 14:58:26 Loaded file C:\Program Files\OrCAD\Layout_Plus\library\DIP100T.llb
Tue Dec 02 14:58:26 Loaded file C:\Program Files\OrCAD\Layout_Plus\library\DSUBT.llb
Tue Dec 02 14:58:27 Loaded file C:\Program Files\OrCAD\Layout_Plus\library\DSUBT_HD.LLB
Tue Dec 02 14:58:27 Loaded file C:\Program Files\OrCAD\Layout_Plus\library\ECON100T.llb
Tue Dec 02 14:58:27 Loaded file C:\Program Files\OrCAD\Layout_Plus\library\FBUS.llb
Tue Dec 02 14:58:27 Loaded file C:\Program Files\OrCAD\Layout_Plus\library\ISA.llb
Tue Dec 02 14:58:27 Loaded file C:\Program Files\OrCAD\Layout_Plus\library\JUMPER.LLB
Tue Dec 02 14:58:27 Loaded file C:\Program Files\OrCAD\Layout_Plus\library\LAYOUT.llb
Tue Dec 02 14:58:27 Loaded file C:\Program Files\OrCAD\Layout_Plus\library\LCON100T.llb
Tue Dec 02 14:58:27 Loaded file C:\Program Files\OrCAD\Layout_Plus\library\PC104.llb
Tue Dec 02 14:58:27 Loaded file C:\Program Files\OrCAD\Layout_Plus\library\PCI.llb
Tue Dec 02 14:58:27 Loaded file C:\Program Files\OrCAD\Layout_Plus\library\PCON100T.llb
Tue Dec 02 14:58:27 Loaded file C:\Program Files\OrCAD\Layout_Plus\library\PCON156T.llb
Tue Dec 02 14:58:27 Loaded file C:\Program Files\OrCAD\Layout_Plus\library\PGA.llb
Tue Dec 02 14:58:27 Loaded file C:\Program Files\OrCAD\Layout_Plus\library\PLCC.llb
Tue Dec 02 14:58:27 Loaded file C:\Program Files\OrCAD\Layout_Plus\library\QUAD.llb
Tue Dec 02 14:58:27 Loaded file C:\Program Files\OrCAD\Layout_Plus\library\QUADB.llb
Tue Dec 02 14:58:27 Loaded file C:\Program Files\OrCAD\Layout_Plus\library\RELAY.llb
Tue Dec 02 14:58:27 Loaded file C:\Program Files\OrCAD\Layout_Plus\library\RF.llb
Tue Dec 02 14:58:27 Loaded file C:\Program Files\OrCAD\Layout_Plus\library\SBUS.llb
Tue Dec 02 14:58:27 Loaded file C:\Program Files\OrCAD\Layout_Plus\library\SIMM050F.llb
Tue Dec 02 14:58:27 Loaded file C:\Program Files\OrCAD\Layout_Plus\library\SIMM050T.llb
Tue Dec 02 14:58:27 Loaded file C:\Program Files\OrCAD\Layout_Plus\library\SIMM100F.llb
Tue Dec 02 14:58:27 Loaded file C:\Program Files\OrCAD\Layout_Plus\library\SIMM100T.llb
Tue Dec 02 14:58:27 Loaded file C:\Program Files\OrCAD\Layout_Plus\library\SIP.llb
Tue Dec 02 14:58:27 Loaded file C:\Program Files\OrCAD\Layout_Plus\library\SM.llb
Tue Dec 02 14:58:27 Loaded file C:\Program Files\OrCAD\Layout_Plus\library\SOG.llb
Tue Dec 02 14:58:27 Loaded file C:\Program Files\OrCAD\Layout_Plus\library\SOJ.llb
Tue Dec 02 14:58:27 Loaded file C:\Program Files\OrCAD\Layout_Plus\library\STIFF.llb
Tue Dec 02 14:58:27 Loaded file C:\Program Files\OrCAD\Layout_Plus\library\TELE.llb
Tue Dec 02 14:58:27 Loaded file C:\Program Files\OrCAD\Layout_Plus\library\TM_AXIAL.llb
Tue Dec 02 14:58:27 Loaded file C:\Program Files\OrCAD\Layout_Plus\library\TM_CAP_P.llb
Tue Dec 02 14:58:27 Loaded file C:\Program Files\OrCAD\Layout_Plus\library\TM_CYLND.llb
Tue Dec 02 14:58:27 Loaded file C:\Program Files\OrCAD\Layout_Plus\library\TM_DIODE.llb
Tue Dec 02 14:58:27 Loaded file C:\Program Files\OrCAD\Layout_Plus\library\TM_DISC.llb
Tue Dec 02 14:58:27 Loaded file C:\Program Files\OrCAD\Layout_Plus\library\TM_RAD.llb
Tue Dec 02 14:58:27 Loaded file C:\Program Files\OrCAD\Layout_Plus\library\TO.llb
Tue Dec 02 14:58:27 Loaded file C:\Program Files\OrCAD\Layout_Plus\library\VRES.llb
Tue Dec 02 14:58:27 Loaded file C:\Program Files\OrCAD\Layout_Plus\library\WCON100T.llb
Tue Dec 02 14:58:27 Loaded file C:\Program Files\OrCAD\Layout_Plus\library\XT.llb
Tue Dec 02 14:58:27 Loaded file C:\Program Files\OrCAD\Layout_Plus\library\ZIGZAG.llb
Tue Dec 02 14:58:27 Loaded file C:\USERS\ATRIM_PCB\DESKTOP\MY_LIB\SHA_CAD-1.LLB
Tue Dec 02 14:58:27 Loaded file C:\USERS\ATRIM_PCB\DESKTOP\MY_LIB\SHA_CAD-1.LLB
Tue Dec 02 14:58:27 Loaded file C:\USERS\ATRIM_PCB\DESKTOP\MY_LIB\SHA_CAD-1.LLB
Tue Dec 02 14:58:28 Saved as file C:\USERS\ATRIM_PCB\DESKTOP\HEX INJECTOR - COPY\DESIGN31.MAX
Tue Dec 02 14:58:28 Loaded file C:\USERS\ATRIM_PCB\DESKTOP\HEX INJECTOR - COPY\DESIGN31.MAX
Tue Dec 02 15:02:46 Saved as file C:\USERS\ATRIM_PCB\DESKTOP\HEX INJECTOR - COPY\DESIGN31.MAX
Tue Dec 02 15:04:58 Saved as file C:\USERS\ATRIM_PCB\DESKTOP\HEX INJECTOR - COPY\DESIGN31.MAX
Tue Dec 02 15:08:10 Saved as file C:\USERS\ATRIM_PCB\DESKTOP\HEX INJECTOR - COPY\DESIGN31.MAX
Tue Dec 02 15:08:15 Saved as file BACKUP1.MAX
Tue Dec 02 15:08:44 Saved as file BACKUP1.MAX
Tue Dec 02 15:08:44 Saved as file C:\USERS\ATRIM_PCB\DESKTOP\HEX INJECTOR - COPY\DESIGN31.MAX
Tue Dec 02 15:08:44 UserDiv from Layout.INI for AutoECO: 60
Tue Dec 02 15:08:44 Loaded file C:\USERS\ATRIM_PCB\DESKTOP\HEX INJECTOR - COPY\DESIGN31.MAX
Tue Dec 02 15:08:44 Loaded file C:\USERS\ATRIM_PCB\DESKTOP\MY_LIB\MY.LLB
Tue Dec 02 15:08:44 Loaded file C:\USERS\ATRIM_PCB\DESKTOP\MY_LIB\SMD_WAVE.LLB
Tue Dec 02 15:08:44 Loaded file C:\USERS\ATRIM_PCB\DESKTOP\MY_LIB\SHA_CAD-1.LLB
Tue Dec 02 15:08:44 Loaded file C:\Program Files\OrCAD\Layout_Plus\library\CLCC.llb
Tue Dec 02 15:08:44 Loaded file C:\Program Files\OrCAD\Layout_Plus\library\DCON050T.llb
Tue Dec 02 15:08:44 Loaded file C:\Program Files\OrCAD\Layout_Plus\library\DCON085T.llb
Tue Dec 02 15:08:44 Loaded file C:\Program Files\OrCAD\Layout_Plus\library\DIMM050T.llb
Tue Dec 02 15:08:44 Loaded file C:\Program Files\OrCAD\Layout_Plus\library\DIN.llb
Tue Dec 02 15:08:44 Loaded file C:\Program Files\OrCAD\Layout_Plus\library\DIP100B.llb
Tue Dec 02 15:08:44 Loaded file C:\Program Files\OrCAD\Layout_Plus\library\DIP100T.llb
Tue Dec 02 15:08:44 Loaded file C:\Program Files\OrCAD\Layout_Plus\library\DSUBT.llb
Tue Dec 02 15:08:44 Loaded file C:\Program Files\OrCAD\Layout_Plus\library\DSUBT_HD.LLB
Tue Dec 02 15:08:44 Loaded file C:\Program Files\OrCAD\Layout_Plus\library\ECON100T.llb
Tue Dec 02 15:08:44 Loaded file C:\Program Files\OrCAD\Layout_Plus\library\FBUS.llb
Tue Dec 02 15:08:44 Loaded file C:\Program Files\OrCAD\Layout_Plus\library\ISA.llb
Tue Dec 02 15:08:44 Loaded file C:\Program Files\OrCAD\Layout_Plus\library\JUMPER.LLB
Tue Dec 02 15:08:44 Loaded file C:\Program Files\OrCAD\Layout_Plus\library\LAYOUT.llb
Tue Dec 02 15:08:44 Loaded file C:\Program Files\OrCAD\Layout_Plus\library\LCON100T.llb
Tue Dec 02 15:08:44 Loaded file C:\Program Files\OrCAD\Layout_Plus\library\PC104.llb
Tue Dec 02 15:08:44 Loaded file C:\Program Files\OrCAD\Layout_Plus\library\PCI.llb
Tue Dec 02 15:08:44 Loaded file C:\Program Files\OrCAD\Layout_Plus\library\PCON100T.llb
Tue Dec 02 15:08:44 Loaded file C:\Program Files\OrCAD\Layout_Plus\library\PCON156T.llb
Tue Dec 02 15:08:44 Loaded file C:\Program Files\OrCAD\Layout_Plus\library\PGA.llb
Tue Dec 02 15:08:44 Loaded file C:\Program Files\OrCAD\Layout_Plus\library\PLCC.llb
Tue Dec 02 15:08:44 Loaded file C:\Program Files\OrCAD\Layout_Plus\library\QUAD.llb
Tue Dec 02 15:08:44 Loaded file C:\Program Files\OrCAD\Layout_Plus\library\QUADB.llb
Tue Dec 02 15:08:44 Loaded file C:\Program Files\OrCAD\Layout_Plus\library\RELAY.llb
Tue Dec 02 15:08:44 Loaded file C:\Program Files\OrCAD\Layout_Plus\library\RF.llb
Tue Dec 02 15:08:44 Loaded file C:\Program Files\OrCAD\Layout_Plus\library\SBUS.llb
Tue Dec 02 15:08:44 Loaded file C:\Program Files\OrCAD\Layout_Plus\library\SIMM050F.llb
Tue Dec 02 15:08:44 Loaded file C:\Program Files\OrCAD\Layout_Plus\library\SIMM050T.llb
Tue Dec 02 15:08:44 Loaded file C:\Program Files\OrCAD\Layout_Plus\library\SIMM100F.llb
Tue Dec 02 15:08:44 Loaded file C:\Program Files\OrCAD\Layout_Plus\library\SIMM100T.llb
Tue Dec 02 15:08:44 Loaded file C:\Program Files\OrCAD\Layout_Plus\library\SIP.llb
Tue Dec 02 15:08:44 Loaded file C:\Program Files\OrCAD\Layout_Plus\library\SM.llb
Tue Dec 02 15:08:44 Loaded file C:\Program Files\OrCAD\Layout_Plus\library\SOG.llb
Tue Dec 02 15:08:44 Loaded file C:\Program Files\OrCAD\Layout_Plus\library\SOJ.llb
Tue Dec 02 15:08:44 Loaded file C:\Program Files\OrCAD\Layout_Plus\library\STIFF.llb
Tue Dec 02 15:08:44 Loaded file C:\Program Files\OrCAD\Layout_Plus\library\TELE.llb
Tue Dec 02 15:08:44 Loaded file C:\Program Files\OrCAD\Layout_Plus\library\TM_AXIAL.llb
Tue Dec 02 15:08:44 Loaded file C:\Program Files\OrCAD\Layout_Plus\library\TM_CAP_P.llb
Tue Dec 02 15:08:44 Loaded file C:\Program Files\OrCAD\Layout_Plus\library\TM_CYLND.llb
Tue Dec 02 15:08:44 Loaded file C:\Program Files\OrCAD\Layout_Plus\library\TM_DIODE.llb
Tue Dec 02 15:08:44 Loaded file C:\Program Files\OrCAD\Layout_Plus\library\TM_DISC.llb
Tue Dec 02 15:08:44 Loaded file C:\Program Files\OrCAD\Layout_Plus\library\TM_RAD.llb
Tue Dec 02 15:08:44 Loaded file C:\Program Files\OrCAD\Layout_Plus\library\TO.llb
Tue Dec 02 15:08:44 Loaded file C:\Program Files\OrCAD\Layout_Plus\library\VRES.llb
Tue Dec 02 15:08:44 Loaded file C:\Program Files\OrCAD\Layout_Plus\library\WCON100T.llb
Tue Dec 02 15:08:44 Loaded file C:\Program Files\OrCAD\Layout_Plus\library\XT.llb
Tue Dec 02 15:08:44 Loaded file C:\Program Files\OrCAD\Layout_Plus\library\ZIGZAG.llb
Tue Dec 02 15:08:44 Saved as file C:\USERS\ATRIM_PCB\DESKTOP\HEX INJECTOR - COPY\DESIGN31.MAX
Tue Dec 02 15:08:44 Loaded file C:\USERS\ATRIM_PCB\DESKTOP\HEX INJECTOR - COPY\DESIGN31.MAX
Tue Dec 02 15:09:02 Saved as file BACKUP1.MAX
Tue Dec 02 15:09:02 Saved as file C:\USERS\ATRIM_PCB\DESKTOP\HEX INJECTOR - COPY\DESIGN31.MAX
Tue Dec 02 15:09:02 UserDiv from Layout.INI for AutoECO: 60
Tue Dec 02 15:09:02 Loaded file C:\USERS\ATRIM_PCB\DESKTOP\HEX INJECTOR - COPY\DESIGN31.MAX
Tue Dec 02 15:09:02 Loaded file C:\USERS\ATRIM_PCB\DESKTOP\MY_LIB\MY.LLB
Tue Dec 02 15:09:02 Loaded file C:\USERS\ATRIM_PCB\DESKTOP\MY_LIB\SMD_WAVE.LLB
Tue Dec 02 15:09:02 Loaded file C:\USERS\ATRIM_PCB\DESKTOP\MY_LIB\SHA_CAD-1.LLB
Tue Dec 02 15:09:02 Loaded file C:\Program Files\OrCAD\Layout_Plus\library\CLCC.llb
Tue Dec 02 15:09:02 Loaded file C:\Program Files\OrCAD\Layout_Plus\library\DCON050T.llb
Tue Dec 02 15:09:02 Loaded file C:\Program Files\OrCAD\Layout_Plus\library\DCON085T.llb
Tue Dec 02 15:09:02 Loaded file C:\Program Files\OrCAD\Layout_Plus\library\DIMM050T.llb
Tue Dec 02 15:09:02 Loaded file C:\Program Files\OrCAD\Layout_Plus\library\DIN.llb
Tue Dec 02 15:09:02 Loaded file C:\Program Files\OrCAD\Layout_Plus\library\DIP100B.llb
Tue Dec 02 15:09:02 Loaded file C:\Program Files\OrCAD\Layout_Plus\library\DIP100T.llb
Tue Dec 02 15:09:02 Loaded file C:\Program Files\OrCAD\Layout_Plus\library\DSUBT.llb
Tue Dec 02 15:09:02 Loaded file C:\Program Files\OrCAD\Layout_Plus\library\DSUBT_HD.LLB
Tue Dec 02 15:09:02 Loaded file C:\Program Files\OrCAD\Layout_Plus\library\ECON100T.llb
Tue Dec 02 15:09:02 Loaded file C:\Program Files\OrCAD\Layout_Plus\library\FBUS.llb
Tue Dec 02 15:09:02 Loaded file C:\Program Files\OrCAD\Layout_Plus\library\ISA.llb
Tue Dec 02 15:09:02 Loaded file C:\Program Files\OrCAD\Layout_Plus\library\JUMPER.LLB
Tue Dec 02 15:09:02 Loaded file C:\Program Files\OrCAD\Layout_Plus\library\LAYOUT.llb
Tue Dec 02 15:09:02 Loaded file C:\Program Files\OrCAD\Layout_Plus\library\LCON100T.llb
Tue Dec 02 15:09:02 Loaded file C:\Program Files\OrCAD\Layout_Plus\library\PC104.llb
Tue Dec 02 15:09:02 Loaded file C:\Program Files\OrCAD\Layout_Plus\library\PCI.llb
Tue Dec 02 15:09:02 Loaded file C:\Program Files\OrCAD\Layout_Plus\library\PCON100T.llb
Tue Dec 02 15:09:02 Loaded file C:\Program Files\OrCAD\Layout_Plus\library\PCON156T.llb
Tue Dec 02 15:09:02 Loaded file C:\Program Files\OrCAD\Layout_Plus\library\PGA.llb
Tue Dec 02 15:09:02 Loaded file C:\Program Files\OrCAD\Layout_Plus\library\PLCC.llb
Tue Dec 02 15:09:02 Loaded file C:\Program Files\OrCAD\Layout_Plus\library\QUAD.llb
Tue Dec 02 15:09:02 Loaded file C:\Program Files\OrCAD\Layout_Plus\library\QUADB.llb
Tue Dec 02 15:09:02 Loaded file C:\Program Files\OrCAD\Layout_Plus\library\RELAY.llb
Tue Dec 02 15:09:02 Loaded file C:\Program Files\OrCAD\Layout_Plus\library\RF.llb
Tue Dec 02 15:09:02 Loaded file C:\Program Files\OrCAD\Layout_Plus\library\SBUS.llb
Tue Dec 02 15:09:02 Loaded file C:\Program Files\OrCAD\Layout_Plus\library\SIMM050F.llb
Tue Dec 02 15:09:02 Loaded file C:\Program Files\OrCAD\Layout_Plus\library\SIMM050T.llb
Tue Dec 02 15:09:02 Loaded file C:\Program Files\OrCAD\Layout_Plus\library\SIMM100F.llb
Tue Dec 02 15:09:02 Loaded file C:\Program Files\OrCAD\Layout_Plus\library\SIMM100T.llb
Tue Dec 02 15:09:02 Loaded file C:\Program Files\OrCAD\Layout_Plus\library\SIP.llb
Tue Dec 02 15:09:02 Loaded file C:\Program Files\OrCAD\Layout_Plus\library\SM.llb
Tue Dec 02 15:09:02 Loaded file C:\Program Files\OrCAD\Layout_Plus\library\SOG.llb
Tue Dec 02 15:09:02 Loaded file C:\Program Files\OrCAD\Layout_Plus\library\SOJ.llb
Tue Dec 02 15:09:02 Loaded file C:\Program Files\OrCAD\Layout_Plus\library\STIFF.llb
Tue Dec 02 15:09:02 Loaded file C:\Program Files\OrCAD\Layout_Plus\library\TELE.llb
Tue Dec 02 15:09:02 Loaded file C:\Program Files\OrCAD\Layout_Plus\library\TM_AXIAL.llb
Tue Dec 02 15:09:02 Loaded file C:\Program Files\OrCAD\Layout_Plus\library\TM_CAP_P.llb
Tue Dec 02 15:09:02 Loaded file C:\Program Files\OrCAD\Layout_Plus\library\TM_CYLND.llb
Tue Dec 02 15:09:02 Loaded file C:\Program Files\OrCAD\Layout_Plus\library\TM_DIODE.llb
Tue Dec 02 15:09:02 Loaded file C:\Program Files\OrCAD\Layout_Plus\library\TM_DISC.llb
Tue Dec 02 15:09:02 Loaded file C:\Program Files\OrCAD\Layout_Plus\library\TM_RAD.llb
Tue Dec 02 15:09:02 Loaded file C:\Program Files\OrCAD\Layout_Plus\library\TO.llb
Tue Dec 02 15:09:02 Loaded file C:\Program Files\OrCAD\Layout_Plus\library\VRES.llb
Tue Dec 02 15:09:02 Loaded file C:\Program Files\OrCAD\Layout_Plus\library\WCON100T.llb
Tue Dec 02 15:09:02 Loaded file C:\Program Files\OrCAD\Layout_Plus\library\XT.llb
Tue Dec 02 15:09:02 Loaded file C:\Program Files\OrCAD\Layout_Plus\library\ZIGZAG.llb
Tue Dec 02 15:09:03 Saved as file C:\USERS\ATRIM_PCB\DESKTOP\HEX INJECTOR - COPY\DESIGN31.MAX
Tue Dec 02 15:09:03 Loaded file C:\USERS\ATRIM_PCB\DESKTOP\HEX INJECTOR - COPY\DESIGN31.MAX
Tue Dec 02 15:14:46 Saved as file C:\USERS\ATRIM_PCB\DESKTOP\HEX INJECTOR - COPY\DESIGN31.MAX
Tue Dec 02 15:16:01 Saved as file C:\USERS\ATRIM_PCB\DESKTOP\HEX INJECTOR - COPY\DESIGN31.MAX
Tue Dec 02 15:18:32 Saved as file C:\USERS\ATRIM_PCB\DESKTOP\HEX INJECTOR - COPY\DESIGN31.MAX
Tue Dec 02 15:19:15 Saved as file BACKUP1.MAX
Tue Dec 02 15:22:02 Saved as file C:\USERS\ATRIM_PCB\DESKTOP\HEX INJECTOR - COPY\DESIGN31.MAX
Tue Dec 02 15:22:59 Saved as file C:\USERS\ATRIM_PCB\DESKTOP\HEX INJECTOR - COPY\DESIGN31.MAX
Tue Dec 02 15:24:01 Saved as file C:\USERS\ATRIM_PCB\DESKTOP\HEX INJECTOR - COPY\DESIGN31.MAX
Tue Dec 02 15:28:46 Saved as file C:\USERS\ATRIM_PCB\DESKTOP\HEX INJECTOR - COPY\DESIGN31.MAX
Tue Dec 02 15:29:01 Saved as file C:\USERS\ATRIM_PCB\DESKTOP\HEX INJECTOR - COPY\DESIGN31.MAX
Tue Dec 02 15:29:15 Saved as file C:\USERS\ATRIM_PCB\DESKTOP\HEX INJECTOR - COPY\DESIGN31.MAX
Tue Dec 02 15:29:46 Saved as file BACKUP1.MAX
Tue Dec 02 15:30:49 Saved as file C:\USERS\ATRIM_PCB\DESKTOP\HEX INJECTOR - COPY\DESIGN31.MAX
Tue Dec 02 15:33:25 Saved as file C:\USERS\ATRIM_PCB\DESKTOP\HEX INJECTOR - COPY\DESIGN31.MAX
Tue Dec 02 15:35:46 Saved as file C:\USERS\ATRIM_PCB\DESKTOP\HEX INJECTOR - COPY\DESIGN31.MAX
Tue Dec 02 15:38:19 Saved as file C:\USERS\ATRIM_PCB\DESKTOP\HEX INJECTOR - COPY\DESIGN31.MAX
Tue Dec 02 15:39:33 Saved as file C:\USERS\ATRIM_PCB\DESKTOP\HEX INJECTOR - COPY\DESIGN31.MAX
Tue Dec 02 15:40:08 Saved as file C:\USERS\ATRIM_PCB\DESKTOP\HEX INJECTOR - COPY\DESIGN31.MAX
Tue Dec 02 15:40:16 Saved as file BACKUP1.MAX
Tue Dec 02 15:41:46 Saved as file C:\USERS\ATRIM_PCB\DESKTOP\HEX INJECTOR - COPY\DESIGN31.MAX
Tue Dec 02 15:41:52 Saved as file C:\USERS\ATRIM_PCB\DESKTOP\HEX INJECTOR - COPY\DESIGN31.MAX
Tue Dec 02 15:43:52 Saved as file C:\USERS\ATRIM_PCB\DESKTOP\HEX INJECTOR - COPY\DESIGN31.MAX
Tue Dec 02 15:44:16 Saved as file C:\USERS\ATRIM_PCB\DESKTOP\HEX INJECTOR - COPY\DESIGN31.MAX
Tue Dec 02 15:44:37 Saved as file C:\USERS\ATRIM_PCB\DESKTOP\HEX INJECTOR - COPY\DESIGN31.MAX
Tue Dec 02 15:44:46 Saved as file C:\USERS\ATRIM_PCB\DESKTOP\HEX INJECTOR - COPY\DESIGN31.MAX
Tue Dec 02 15:45:30 Saved as file C:\USERS\ATRIM_PCB\DESKTOP\HEX INJECTOR - COPY\DESIGN31.MAX
Tue Dec 02 15:48:40 Saved as file C:\USERS\ATRIM_PCB\DESKTOP\HEX INJECTOR - COPY\DESIGN31.MAX
Tue Dec 02 15:50:16 Saved as file BACKUP1.MAX
Tue Dec 02 15:59:21 Saved as file C:\USERS\ATRIM_PCB\DESKTOP\HEX INJECTOR - COPY\DESIGN31.MAX
Tue Dec 02 16:00:55 Saved as file BACKUP1.MAX
Tue Dec 02 16:06:56 Saved as file C:\USERS\ATRIM_PCB\DESKTOP\HEX INJECTOR - COPY\DESIGN31.MAX
Tue Dec 02 16:09:27 Saved as file C:\USERS\ATRIM_PCB\DESKTOP\HEX INJECTOR - COPY\DESIGN31.MAX
Tue Dec 02 16:10:56 Saved as file BACKUP1.MAX
Tue Dec 02 16:11:30 Saved as file C:\USERS\ATRIM_PCB\DESKTOP\HEX INJECTOR - COPY\DESIGN31.MAX
Tue Dec 02 16:13:05 Saved as file C:\USERS\ATRIM_PCB\DESKTOP\HEX INJECTOR - COPY\DESIGN31.MAX
Tue Dec 02 16:13:56 Saved as file C:\USERS\ATRIM_PCB\DESKTOP\HEX INJECTOR - COPY\DESIGN31.MAX
Tue Dec 02 16:16:17 Saved as file C:\USERS\ATRIM_PCB\DESKTOP\HEX INJECTOR - COPY\DESIGN31.MAX
Tue Dec 02 16:16:21 Saved as file C:\USERS\ATRIM_PCB\DESKTOP\HEX INJECTOR - COPY\DESIGN31.MAX
Tue Dec 02 16:18:04 Saved as file C:\USERS\ATRIM_PCB\DESKTOP\HEX INJECTOR - COPY\DESIGN31.MAX
Tue Dec 02 16:20:56 Saved as file BACKUP1.MAX
Tue Dec 02 16:21:37 Saved as file C:\USERS\ATRIM_PCB\DESKTOP\HEX INJECTOR - COPY\DESIGN31.MAX
Tue Dec 02 16:23:42 Saved as file C:\USERS\ATRIM_PCB\DESKTOP\HEX INJECTOR - COPY\DESIGN31.MAX
Tue Dec 02 16:24:02 Saved as file C:\USERS\ATRIM_PCB\DESKTOP\HEX INJECTOR - COPY\DESIGN31.MAX
Tue Dec 02 16:26:28 Saved as file C:\USERS\ATRIM_PCB\DESKTOP\HEX INJECTOR - COPY\DESIGN31.MAX
Tue Dec 02 16:28:45 Saved as file C:\USERS\ATRIM_PCB\DESKTOP\HEX INJECTOR - COPY\DESIGN31.MAX
Tue Dec 02 16:28:59 Saved as file C:\USERS\ATRIM_PCB\DESKTOP\HEX INJECTOR - COPY\DESIGN31.MAX
Tue Dec 02 16:29:12 Saved as file C:\USERS\ATRIM_PCB\DESKTOP\HEX INJECTOR - COPY\DESIGN31.MAX
Tue Dec 02 16:29:20 Saved as file C:\USERS\ATRIM_PCB\DESKTOP\HEX INJECTOR - COPY\DESIGN31.MAX
Tue Dec 02 16:30:56 Saved as file BACKUP1.MAX
Tue Dec 02 16:31:23 Saved as file C:\USERS\ATRIM_PCB\DESKTOP\HEX INJECTOR - COPY\DESIGN31.MAX
Tue Dec 02 16:31:47 Saved as file C:\USERS\ATRIM_PCB\DESKTOP\HEX INJECTOR - COPY\DESIGN31.MAX
Tue Dec 02 16:32:11 Saved as file C:\USERS\ATRIM_PCB\DESKTOP\HEX INJECTOR - COPY\DESIGN31.MAX
Tue Dec 02 16:32:23 Saved as file C:\USERS\ATRIM_PCB\DESKTOP\HEX INJECTOR - COPY\DESIGN31.MAX
Tue Dec 02 16:33:05 Saved as file C:\USERS\ATRIM_PCB\DESKTOP\HEX INJECTOR - COPY\DESIGN31.MAX
Tue Dec 02 16:33:43 Saved as file C:\USERS\ATRIM_PCB\DESKTOP\HEX INJECTOR - COPY\DESIGN31.MAX
Tue Dec 02 16:35:22 Saved as file C:\USERS\ATRIM_PCB\DESKTOP\HEX INJECTOR - COPY\DESIGN31.MAX
Tue Dec 02 16:36:38 Saved as file C:\USERS\ATRIM_PCB\DESKTOP\HEX INJECTOR - COPY\DESIGN31.MAX
Tue Dec 02 16:36:51 Saved as file C:\USERS\ATRIM_PCB\DESKTOP\HEX INJECTOR - COPY\DESIGN31.MAX
Tue Dec 02 16:36:52 Saved as file C:\USERS\ATRIM_PCB\DESKTOP\HEX INJECTOR - COPY\DESIGN31.MAX
Tue Dec 02 16:37:07 Saved as file C:\USERS\ATRIM_PCB\DESKTOP\HEX INJECTOR - COPY\DESIGN31.MAX
Tue Dec 02 16:38:04 Saved as file C:\USERS\ATRIM_PCB\DESKTOP\HEX INJECTOR - COPY\DESIGN31.MAX
Tue Dec 02 16:38:08 Saved as file C:\USERS\ATRIM_PCB\DESKTOP\HEX INJECTOR - COPY\DESIGN31.MAX
Tue Dec 02 16:38:38 Saved as file C:\USERS\ATRIM_PCB\DESKTOP\HEX INJECTOR - COPY\DESIGN31.MAX
Tue Dec 02 16:38:38 Saved as file C:\USERS\ATRIM_PCB\DESKTOP\HEX INJECTOR - COPY\DESIGN31.MAX
Tue Dec 02 16:38:51 Saved as file C:\USERS\ATRIM_PCB\DESKTOP\HEX INJECTOR - COPY\DESIGN31.MAX
Tue Dec 02 16:38:57 Saved as file C:\USERS\ATRIM_PCB\DESKTOP\HEX INJECTOR - COPY\DESIGN31.MAX
Tue Dec 02 16:40:48 Saved as file C:\USERS\ATRIM_PCB\DESKTOP\HEX INJECTOR - COPY\DESIGN31.MAX
Tue Dec 02 16:41:07 Saved as file C:\USERS\ATRIM_PCB\DESKTOP\HEX INJECTOR - COPY\DESIGN31.MAX
Tue Dec 02 16:41:12 Saved as file C:\USERS\ATRIM_PCB\DESKTOP\HEX INJECTOR - COPY\DESIGN31.MAX
Tue Dec 02 17:02:55 Saved as file BACKUP1.MAX
Tue Dec 02 17:05:28 Saved as file C:\USERS\ATRIM_PCB\DESKTOP\HEX INJECTOR V1.1\DESIGN31.MAX
Tue Dec 02 17:05:45 Saved as file C:\USERS\ATRIM_PCB\DESKTOP\HEX INJECTOR V1.1\DESIGN31.MAX
Tue Dec 02 17:08:14 Saved as file C:\USERS\ATRIM_PCB\DESKTOP\HEX INJECTOR V1.1\DESIGN31.MAX
Tue Dec 02 17:08:15 Saved as file C:\USERS\ATRIM_PCB\DESKTOP\HEX INJECTOR V1.1\DESIGN31.MAX
Tue Dec 02 17:11:40 Saved as file C:\USERS\ATRIM_PCB\DESKTOP\HEX INJECTOR V1.1\DESIGN31.MAX
Tue Dec 02 17:11:46 Saved as file C:\USERS\ATRIM_PCB\DESKTOP\HEX INJECTOR V1.1\DESIGN31.MAX
Wed Dec 03 10:03:59 Saved as file C:\USERS\ATRIM_PCB\DESKTOP\HEX INJECTOR V1.1\DESIGN31.MAX
Wed Dec 03 10:06:23 Saved as file C:\USERS\ATRIM_PCB\DESKTOP\HEX INJECTOR V1.1\DESIGN31.MAX
Wed Dec 03 10:10:17 Saved as file C:\USERS\ATRIM_PCB\DESKTOP\HEX INJECTOR V1.1\DESIGN31.MAX
Wed Dec 03 10:10:18 Saved as file C:\USERS\ATRIM_PCB\DESKTOP\HEX INJECTOR V1.1\DESIGN31.MAX
Wed Dec 03 10:10:18 Saved as file C:\USERS\ATRIM_PCB\DESKTOP\HEX INJECTOR V1.1\DESIGN31.MAX
Wed Dec 03 10:10:57 Saved as file C:\USERS\ATRIM_PCB\DESKTOP\HEX INJECTOR V1.1\DESIGN31.MAX
Wed Dec 03 10:11:07 Saved as file C:\USERS\ATRIM_PCB\DESKTOP\HEX INJECTOR V1.1\DESIGN31.MAX
Wed Dec 03 10:11:48 Saved as file C:\USERS\ATRIM_PCB\DESKTOP\HEX INJECTOR V1.1\DESIGN31.MAX
Wed Dec 03 10:11:53 Saved as file C:\USERS\ATRIM_PCB\DESKTOP\HEX INJECTOR V1.1\DESIGN31.MAX
Wed Dec 03 10:11:53 Saved as file C:\USERS\ATRIM_PCB\DESKTOP\HEX INJECTOR V1.1\DESIGN31.MAX
Wed Dec 03 10:12:05 Saved as file BACKUP1.MAX
Wed Dec 03 10:13:04 Saved as file C:\USERS\ATRIM_PCB\DESKTOP\HEX INJECTOR V1.1\DESIGN31.MAX
Wed Dec 03 10:13:15 Saved as file C:\USERS\ATRIM_PCB\DESKTOP\HEX INJECTOR V1.1\DESIGN31.MAX
Wed Dec 03 10:13:23 Saved as file C:\USERS\ATRIM_PCB\DESKTOP\HEX INJECTOR V1.1\DESIGN31.MAX
Thu Dec 04 15:54:51 Saved as file D:\ATRIM ELECTRONICS(P)LTD\MODULES\81.HEX INJECTOR\HEX INJECTOR V1.1\DESIGN31.MAX
Thu Dec 04 15:58:02 Saved as file D:\ATRIM ELECTRONICS(P)LTD\MODULES\81.HEX INJECTOR\HEX INJECTOR V1.1\DESIGN31.MAX
Thu Dec 04 15:59:28 Saved as file BACKUP1.MAX
Thu Dec 04 15:59:43 Saved as file D:\ATRIM ELECTRONICS(P)LTD\MODULES\81.HEX INJECTOR\HEX INJECTOR V1.1\DESIGN31.MAX
Thu Dec 04 16:00:31 Saved as file D:\ATRIM ELECTRONICS(P)LTD\MODULES\81.HEX INJECTOR\HEX INJECTOR V1.1\DESIGN31.MAX
Thu Dec 04 16:00:35 Saved as file D:\ATRIM ELECTRONICS(P)LTD\MODULES\81.HEX INJECTOR\HEX INJECTOR V1.1\DESIGN31.MAX
Thu Dec 04 16:01:04 Saved as file D:\ATRIM ELECTRONICS(P)LTD\MODULES\81.HEX INJECTOR\HEX INJECTOR V1.1\DESIGN31.MAX
Thu Dec 04 16:01:09 Saved as file D:\ATRIM ELECTRONICS(P)LTD\MODULES\81.HEX INJECTOR\HEX INJECTOR V1.1\DESIGN31.MAX
Thu Dec 04 16:02:59 Saved as file D:\ATRIM ELECTRONICS(P)LTD\MODULES\81.HEX INJECTOR\HEX INJECTOR V1.1\DESIGN31.MAX
Thu Dec 04 16:03:41 Saved as file D:\ATRIM ELECTRONICS(P)LTD\MODULES\81.HEX INJECTOR\HEX INJECTOR V1.1\DESIGN31.MAX
Thu Dec 04 16:33:18 Saved as file D:\ATRIM ELECTRONICS(P)LTD\MODULES\81.HEX INJECTOR\HEX INJECTOR V1.1\DESIGN31.MAX
Thu Dec 04 16:33:19 Saved as file D:\ATRIM ELECTRONICS(P)LTD\MODULES\81.HEX INJECTOR\HEX INJECTOR V1.1\DESIGN31.MAX
Thu Dec 04 16:33:19 Saved as file D:\ATRIM ELECTRONICS(P)LTD\MODULES\81.HEX INJECTOR\HEX INJECTOR V1.1\DESIGN31.MAX
Thu Dec 04 16:33:20 Saved as file D:\ATRIM ELECTRONICS(P)LTD\MODULES\81.HEX INJECTOR\HEX INJECTOR V1.1\DESIGN31.MAX
Thu Dec 04 16:33:20 Saved as file D:\ATRIM ELECTRONICS(P)LTD\MODULES\81.HEX INJECTOR\HEX INJECTOR V1.1\DESIGN31.MAX
Thu Dec 04 16:33:21 Saved as file D:\ATRIM ELECTRONICS(P)LTD\MODULES\81.HEX INJECTOR\HEX INJECTOR V1.1\DESIGN31.MAX
Thu Dec 04 16:33:32 Saved as file D:\ATRIM ELECTRONICS(P)LTD\MODULES\81.HEX INJECTOR\HEX INJECTOR V1.1\DESIGN31.MAX
Tue Feb 03 14:50:23 Saved as file D:\ATRIM ELECTRONICS(P)LTD\MODULES\81.HEX INJECTOR\HEX INJECTOR V1.1\DESIGN31.MAX
Tue Feb 03 14:51:30 Saved as file D:\ATRIM ELECTRONICS(P)LTD\MODULES\81.HEX INJECTOR\HEX INJECTOR V1.1\DESIGN31.MAX
Tue Feb 03 14:55:35 Loaded file C:\USERS\ATRIM_PCB\DESKTOP\MY_LIB\MY.LLB
Tue Feb 03 14:55:35 Loaded file C:\USERS\ATRIM_PCB\DESKTOP\MY_LIB\SMD_WAVE.LLB
Tue Feb 03 14:55:35 Loaded file C:\USERS\ATRIM_PCB\DESKTOP\MY_LIB\SHA_CAD-1.LLB
Tue Feb 03 14:58:52 Saved as file D:\ATRIM ELECTRONICS(P)LTD\MODULES\81.HEX INJECTOR\HEX INJECTOR V1.1\DESIGN31.MAX
Tue Feb 03 14:59:54 Saved as file D:\ATRIM ELECTRONICS(P)LTD\MODULES\81.HEX INJECTOR\HEX INJECTOR V1.1\DESIGN31.MAX
Tue Feb 03 15:00:26 Saved as file BACKUP1.MAX
Tue Feb 03 15:02:03 Saved as file D:\ATRIM ELECTRONICS(P)LTD\MODULES\81.HEX INJECTOR\HEX INJECTOR V1.1\DESIGN31.MAX
Tue Feb 03 15:13:07 Saved as file BACKUP1.MAX
Tue Feb 03 15:13:07 Saved as file C:\USERS\ATRIM_PCB\DESKTOP\HEX INJECTOR V1.2\DESIGN31.MAX
Tue Feb 03 15:13:07 UserDiv from Layout.INI for AutoECO: 60
Tue Feb 03 15:13:07 Loaded file C:\USERS\ATRIM_PCB\DESKTOP\HEX INJECTOR V1.2\DESIGN31.MAX
Tue Feb 03 15:13:07 Loaded file C:\USERS\ATRIM_PCB\DESKTOP\MY_LIB\MY.LLB
Tue Feb 03 15:13:07 Loaded file C:\USERS\ATRIM_PCB\DESKTOP\MY_LIB\SMD_WAVE.LLB
Tue Feb 03 15:13:07 Loaded file C:\USERS\ATRIM_PCB\DESKTOP\MY_LIB\SHA_CAD-1.LLB
Tue Feb 03 15:13:07 Loaded file C:\Program Files\OrCAD\Layout_Plus\library\CLCC.llb
Tue Feb 03 15:13:07 Loaded file C:\Program Files\OrCAD\Layout_Plus\library\DCON050T.llb
Tue Feb 03 15:13:07 Loaded file C:\Program Files\OrCAD\Layout_Plus\library\DCON085T.llb
Tue Feb 03 15:13:07 Loaded file C:\Program Files\OrCAD\Layout_Plus\library\DIMM050T.llb
Tue Feb 03 15:13:07 Loaded file C:\Program Files\OrCAD\Layout_Plus\library\DIN.llb
Tue Feb 03 15:13:07 Loaded file C:\Program Files\OrCAD\Layout_Plus\library\DIP100B.llb
Tue Feb 03 15:13:07 Loaded file C:\Program Files\OrCAD\Layout_Plus\library\DIP100T.llb
Tue Feb 03 15:13:07 Loaded file C:\Program Files\OrCAD\Layout_Plus\library\DSUBT.llb
Tue Feb 03 15:13:07 Loaded file C:\Program Files\OrCAD\Layout_Plus\library\DSUBT_HD.LLB
Tue Feb 03 15:13:07 Loaded file C:\Program Files\OrCAD\Layout_Plus\library\ECON100T.llb
Tue Feb 03 15:13:07 Loaded file C:\Program Files\OrCAD\Layout_Plus\library\FBUS.llb
Tue Feb 03 15:13:07 Loaded file C:\Program Files\OrCAD\Layout_Plus\library\ISA.llb
Tue Feb 03 15:13:07 Loaded file C:\Program Files\OrCAD\Layout_Plus\library\JUMPER.LLB
Tue Feb 03 15:13:07 Loaded file C:\Program Files\OrCAD\Layout_Plus\library\LAYOUT.llb
Tue Feb 03 15:13:07 Loaded file C:\Program Files\OrCAD\Layout_Plus\library\LCON100T.llb
Tue Feb 03 15:13:07 Loaded file C:\Program Files\OrCAD\Layout_Plus\library\PC104.llb
Tue Feb 03 15:13:07 Loaded file C:\Program Files\OrCAD\Layout_Plus\library\PCI.llb
Tue Feb 03 15:13:07 Loaded file C:\Program Files\OrCAD\Layout_Plus\library\PCON100T.llb
Tue Feb 03 15:13:07 Loaded file C:\Program Files\OrCAD\Layout_Plus\library\PCON156T.llb
Tue Feb 03 15:13:07 Loaded file C:\Program Files\OrCAD\Layout_Plus\library\PGA.llb
Tue Feb 03 15:13:07 Loaded file C:\Program Files\OrCAD\Layout_Plus\library\PLCC.llb
Tue Feb 03 15:13:07 Loaded file C:\Program Files\OrCAD\Layout_Plus\library\QUAD.llb
Tue Feb 03 15:13:07 Loaded file C:\Program Files\OrCAD\Layout_Plus\library\QUADB.llb
Tue Feb 03 15:13:07 Loaded file C:\Program Files\OrCAD\Layout_Plus\library\RELAY.llb
Tue Feb 03 15:13:07 Loaded file C:\Program Files\OrCAD\Layout_Plus\library\RF.llb
Tue Feb 03 15:13:07 Loaded file C:\Program Files\OrCAD\Layout_Plus\library\SBUS.llb
Tue Feb 03 15:13:07 Loaded file C:\Program Files\OrCAD\Layout_Plus\library\SIMM050F.llb
Tue Feb 03 15:13:07 Loaded file C:\Program Files\OrCAD\Layout_Plus\library\SIMM050T.llb
Tue Feb 03 15:13:07 Loaded file C:\Program Files\OrCAD\Layout_Plus\library\SIMM100F.llb
Tue Feb 03 15:13:07 Loaded file C:\Program Files\OrCAD\Layout_Plus\library\SIMM100T.llb
Tue Feb 03 15:13:08 Loaded file C:\Program Files\OrCAD\Layout_Plus\library\SIP.llb
Tue Feb 03 15:13:08 Loaded file C:\Program Files\OrCAD\Layout_Plus\library\SM.llb
Tue Feb 03 15:13:08 Loaded file C:\Program Files\OrCAD\Layout_Plus\library\SOG.llb
Tue Feb 03 15:13:08 Loaded file C:\Program Files\OrCAD\Layout_Plus\library\SOJ.llb
Tue Feb 03 15:13:08 Loaded file C:\Program Files\OrCAD\Layout_Plus\library\STIFF.llb
Tue Feb 03 15:13:08 Loaded file C:\Program Files\OrCAD\Layout_Plus\library\TELE.llb
Tue Feb 03 15:13:08 Loaded file C:\Program Files\OrCAD\Layout_Plus\library\TM_AXIAL.llb
Tue Feb 03 15:13:08 Loaded file C:\Program Files\OrCAD\Layout_Plus\library\TM_CAP_P.llb
Tue Feb 03 15:13:08 Loaded file C:\Program Files\OrCAD\Layout_Plus\library\TM_CYLND.llb
Tue Feb 03 15:13:08 Loaded file C:\Program Files\OrCAD\Layout_Plus\library\TM_DIODE.llb
Tue Feb 03 15:13:08 Loaded file C:\Program Files\OrCAD\Layout_Plus\library\TM_DISC.llb
Tue Feb 03 15:13:08 Loaded file C:\Program Files\OrCAD\Layout_Plus\library\TM_RAD.llb
Tue Feb 03 15:13:08 Loaded file C:\Program Files\OrCAD\Layout_Plus\library\TO.llb
Tue Feb 03 15:13:08 Loaded file C:\Program Files\OrCAD\Layout_Plus\library\VRES.llb
Tue Feb 03 15:13:08 Loaded file C:\Program Files\OrCAD\Layout_Plus\library\WCON100T.llb
Tue Feb 03 15:13:08 Loaded file C:\Program Files\OrCAD\Layout_Plus\library\XT.llb
Tue Feb 03 15:13:08 Loaded file C:\Program Files\OrCAD\Layout_Plus\library\ZIGZAG.llb
Tue Feb 03 15:13:08 Saved as file C:\USERS\ATRIM_PCB\DESKTOP\HEX INJECTOR V1.2\DESIGN31.MAX
Tue Feb 03 15:13:08 Loaded file C:\USERS\ATRIM_PCB\DESKTOP\HEX INJECTOR V1.2\DESIGN31.MAX
Tue Feb 03 15:13:35 Saved as file C:\USERS\ATRIM_PCB\DESKTOP\HEX INJECTOR V1.2\DESIGN31.MAX
Tue Feb 03 15:14:04 Saved as file C:\USERS\ATRIM_PCB\DESKTOP\HEX INJECTOR V1.2\DESIGN31.MAX
Tue Feb 03 15:25:12 Saved as file C:\USERS\ATRIM_PCB\DESKTOP\HEX INJECTOR V1.2\DESIGN31.MAX
Tue Feb 03 15:26:43 Saved as file C:\USERS\ATRIM_PCB\DESKTOP\HEX INJECTOR V1.2\DESIGN31.MAX
Tue Feb 03 15:26:43 Saved as file C:\USERS\ATRIM_PCB\DESKTOP\HEX INJECTOR V1.2\DESIGN31.MAX
Tue Feb 03 15:27:49 Saved as file C:\USERS\ATRIM_PCB\DESKTOP\HEX INJECTOR V1.2\DESIGN31.MAX
Tue Feb 03 15:30:22 Saved as file C:\USERS\ATRIM_PCB\DESKTOP\HEX INJECTOR V1.2\DESIGN31.MAX
Tue Feb 03 15:31:58 Loaded file C:\Program Files\OrCAD\Layout_Plus\library\padstack.llb
Tue Feb 03 15:33:52 Loaded file C:\Program Files\OrCAD\Layout_Plus\library\padstack.llb
Tue Feb 03 15:34:11 Loaded file C:\Program Files\OrCAD\Layout_Plus\library\padstack.llb
Tue Feb 03 15:34:28 Loaded file C:\Program Files\OrCAD\Layout_Plus\library\padstack.llb
Tue Feb 03 15:35:39 Loaded file C:\Program Files\OrCAD\Layout_Plus\library\padstack.llb
Tue Feb 03 15:35:52 Saved as file BACKUP1.MAX
Tue Feb 03 15:36:23 Saved as file C:\USERS\ATRIM_PCB\DESKTOP\HEX INJECTOR V1.2\DESIGN31.MAX
Tue Feb 03 15:36:28 Saved as file C:\USERS\ATRIM_PCB\DESKTOP\HEX INJECTOR V1.2\DESIGN31.MAX
Tue Feb 03 15:37:13 Saved as file C:\USERS\ATRIM_PCB\DESKTOP\HEX INJECTOR V1.2\DESIGN31.MAX
Tue Feb 03 15:39:59 Saved as file C:\USERS\ATRIM_PCB\DESKTOP\HEX INJECTOR V1.2\DESIGN31.MAX
Tue Feb 03 15:42:40 Saved as file C:\USERS\ATRIM_PCB\DESKTOP\HEX INJECTOR V1.2\DESIGN31.MAX
Tue Feb 03 15:45:50 Saved as file C:\USERS\ATRIM_PCB\DESKTOP\HEX INJECTOR V1.2\DESIGN31.MAX
Tue Feb 03 15:46:22 Saved as file BACKUP1.MAX
Tue Feb 03 15:47:16 Saved as file C:\USERS\ATRIM_PCB\DESKTOP\HEX INJECTOR V1.2\DESIGN31.MAX
Tue Feb 03 15:48:09 Saved as file C:\USERS\ATRIM_PCB\DESKTOP\HEX INJECTOR V1.2\DESIGN31.MAX
Tue Feb 03 15:50:59 Saved as file C:\USERS\ATRIM_PCB\DESKTOP\HEX INJECTOR V1.2\DESIGN31.MAX
Tue Feb 03 15:53:27 Saved as file C:\USERS\ATRIM_PCB\DESKTOP\HEX INJECTOR V1.2\BACKUP1.MAX
Tue Feb 03 15:55:04 Saved as file C:\USERS\ATRIM_PCB\DESKTOP\HEX INJECTOR V1.2\DESIGN31.MAX
Tue Feb 03 15:57:08 Saved as file C:\USERS\ATRIM_PCB\DESKTOP\HEX INJECTOR V1.2\DESIGN31.MAX
Tue Feb 03 15:57:12 Saved as file C:\USERS\ATRIM_PCB\DESKTOP\HEX INJECTOR V1.2\DESIGN31.MAX
Tue Feb 03 15:59:49 Saved as file C:\USERS\ATRIM_PCB\DESKTOP\HEX INJECTOR V1.2\DESIGN31.MAX
Tue Feb 03 16:03:54 Saved as file BACKUP1.MAX
Tue Feb 03 16:04:39 Saved as file C:\USERS\ATRIM_PCB\DESKTOP\HEX INJECTOR V1.2\DESIGN31.MAX
Tue Feb 03 16:08:48 Saved as file BACKUP1.MAX
Tue Feb 03 16:08:48 Saved as file C:\USERS\ATRIM_PCB\DESKTOP\HEX INJECTOR V1.2\DESIGN31.MAX
Tue Feb 03 16:08:48 UserDiv from Layout.INI for AutoECO: 60
Tue Feb 03 16:08:48 Loaded file C:\USERS\ATRIM_PCB\DESKTOP\HEX INJECTOR V1.2\DESIGN31.MAX
Tue Feb 03 16:08:48 Loaded file C:\USERS\ATRIM_PCB\DESKTOP\MY_LIB\MY.LLB
Tue Feb 03 16:08:48 Loaded file C:\USERS\ATRIM_PCB\DESKTOP\MY_LIB\SMD_WAVE.LLB
Tue Feb 03 16:08:48 Loaded file C:\USERS\ATRIM_PCB\DESKTOP\MY_LIB\SHA_CAD-1.LLB
Tue Feb 03 16:08:48 Loaded file C:\Program Files\OrCAD\Layout_Plus\library\CLCC.llb
Tue Feb 03 16:08:48 Loaded file C:\Program Files\OrCAD\Layout_Plus\library\DCON050T.llb
Tue Feb 03 16:08:48 Loaded file C:\Program Files\OrCAD\Layout_Plus\library\DCON085T.llb
Tue Feb 03 16:08:48 Loaded file C:\Program Files\OrCAD\Layout_Plus\library\DIMM050T.llb
Tue Feb 03 16:08:48 Loaded file C:\Program Files\OrCAD\Layout_Plus\library\DIN.llb
Tue Feb 03 16:08:48 Loaded file C:\Program Files\OrCAD\Layout_Plus\library\DIP100B.llb
Tue Feb 03 16:08:48 Loaded file C:\Program Files\OrCAD\Layout_Plus\library\DIP100T.llb
Tue Feb 03 16:08:48 Loaded file C:\Program Files\OrCAD\Layout_Plus\library\DSUBT.llb
Tue Feb 03 16:08:48 Loaded file C:\Program Files\OrCAD\Layout_Plus\library\DSUBT_HD.LLB
Tue Feb 03 16:08:48 Loaded file C:\Program Files\OrCAD\Layout_Plus\library\ECON100T.llb
Tue Feb 03 16:08:48 Loaded file C:\Program Files\OrCAD\Layout_Plus\library\FBUS.llb
Tue Feb 03 16:08:48 Loaded file C:\Program Files\OrCAD\Layout_Plus\library\ISA.llb
Tue Feb 03 16:08:48 Loaded file C:\Program Files\OrCAD\Layout_Plus\library\JUMPER.LLB
Tue Feb 03 16:08:48 Loaded file C:\Program Files\OrCAD\Layout_Plus\library\LAYOUT.llb
Tue Feb 03 16:08:48 Loaded file C:\Program Files\OrCAD\Layout_Plus\library\LCON100T.llb
Tue Feb 03 16:08:48 Loaded file C:\Program Files\OrCAD\Layout_Plus\library\PC104.llb
Tue Feb 03 16:08:48 Loaded file C:\Program Files\OrCAD\Layout_Plus\library\PCI.llb
Tue Feb 03 16:08:48 Loaded file C:\Program Files\OrCAD\Layout_Plus\library\PCON100T.llb
Tue Feb 03 16:08:48 Loaded file C:\Program Files\OrCAD\Layout_Plus\library\PCON156T.llb
Tue Feb 03 16:08:48 Loaded file C:\Program Files\OrCAD\Layout_Plus\library\PGA.llb
Tue Feb 03 16:08:48 Loaded file C:\Program Files\OrCAD\Layout_Plus\library\PLCC.llb
Tue Feb 03 16:08:48 Loaded file C:\Program Files\OrCAD\Layout_Plus\library\QUAD.llb
Tue Feb 03 16:08:48 Loaded file C:\Program Files\OrCAD\Layout_Plus\library\QUADB.llb
Tue Feb 03 16:08:48 Loaded file C:\Program Files\OrCAD\Layout_Plus\library\RELAY.llb
Tue Feb 03 16:08:49 Loaded file C:\Program Files\OrCAD\Layout_Plus\library\RF.llb
Tue Feb 03 16:08:49 Loaded file C:\Program Files\OrCAD\Layout_Plus\library\SBUS.llb
Tue Feb 03 16:08:49 Loaded file C:\Program Files\OrCAD\Layout_Plus\library\SIMM050F.llb
Tue Feb 03 16:08:49 Loaded file C:\Program Files\OrCAD\Layout_Plus\library\SIMM050T.llb
Tue Feb 03 16:08:49 Loaded file C:\Program Files\OrCAD\Layout_Plus\library\SIMM100F.llb
Tue Feb 03 16:08:49 Loaded file C:\Program Files\OrCAD\Layout_Plus\library\SIMM100T.llb
Tue Feb 03 16:08:49 Loaded file C:\Program Files\OrCAD\Layout_Plus\library\SIP.llb
Tue Feb 03 16:08:49 Loaded file C:\Program Files\OrCAD\Layout_Plus\library\SM.llb
Tue Feb 03 16:08:49 Loaded file C:\Program Files\OrCAD\Layout_Plus\library\SOG.llb
Tue Feb 03 16:08:49 Loaded file C:\Program Files\OrCAD\Layout_Plus\library\SOJ.llb
Tue Feb 03 16:08:49 Loaded file C:\Program Files\OrCAD\Layout_Plus\library\STIFF.llb
Tue Feb 03 16:08:49 Loaded file C:\Program Files\OrCAD\Layout_Plus\library\TELE.llb
Tue Feb 03 16:08:49 Loaded file C:\Program Files\OrCAD\Layout_Plus\library\TM_AXIAL.llb
Tue Feb 03 16:08:49 Loaded file C:\Program Files\OrCAD\Layout_Plus\library\TM_CAP_P.llb
Tue Feb 03 16:08:49 Loaded file C:\Program Files\OrCAD\Layout_Plus\library\TM_CYLND.llb
Tue Feb 03 16:08:49 Loaded file C:\Program Files\OrCAD\Layout_Plus\library\TM_DIODE.llb
Tue Feb 03 16:08:49 Loaded file C:\Program Files\OrCAD\Layout_Plus\library\TM_DISC.llb
Tue Feb 03 16:08:49 Loaded file C:\Program Files\OrCAD\Layout_Plus\library\TM_RAD.llb
Tue Feb 03 16:08:49 Loaded file C:\Program Files\OrCAD\Layout_Plus\library\TO.llb
Tue Feb 03 16:08:49 Loaded file C:\Program Files\OrCAD\Layout_Plus\library\VRES.llb
Tue Feb 03 16:08:49 Loaded file C:\Program Files\OrCAD\Layout_Plus\library\WCON100T.llb
Tue Feb 03 16:08:49 Loaded file C:\Program Files\OrCAD\Layout_Plus\library\XT.llb
Tue Feb 03 16:08:49 Loaded file C:\Program Files\OrCAD\Layout_Plus\library\ZIGZAG.llb
Tue Feb 03 16:08:49 Saved as file C:\USERS\ATRIM_PCB\DESKTOP\HEX INJECTOR V1.2\DESIGN31.MAX
Tue Feb 03 16:08:49 Loaded file C:\USERS\ATRIM_PCB\DESKTOP\HEX INJECTOR V1.2\DESIGN31.MAX
Tue Feb 03 16:13:32 Saved as file C:\USERS\ATRIM_PCB\DESKTOP\HEX INJECTOR V1.2\DESIGN31.MAX
Tue Feb 03 16:14:24 Saved as file BACKUP1.MAX
Tue Feb 03 16:14:58 Saved as file C:\USERS\ATRIM_PCB\DESKTOP\HEX INJECTOR V1.2\DESIGN31.MAX
Tue Feb 03 16:24:24 Saved as file BACKUP1.MAX
Tue Feb 03 16:25:16 Saved as file C:\USERS\ATRIM_PCB\DESKTOP\HEX INJECTOR V1.2\DESIGN31.MAX
Tue Feb 03 16:29:32 Loaded file C:\Program Files\OrCAD\Layout_Plus\data\template.imp
Tue Feb 03 16:29:32 Loaded file C:\Program Files\OrCAD\Layout_Plus\data\template.imp
Tue Feb 03 16:29:32 Loaded file C:\Program Files\OrCAD\Layout_Plus\data\template.imp
Tue Feb 03 16:29:32 Loaded file C:\Program Files\OrCAD\Layout_Plus\data\template.imp
Tue Feb 03 16:29:33 Loaded file C:\USERS\ATRIM_PCB\DESKTOP\MY_LIB\SHA_CAD-1.LLB
Tue Feb 03 16:29:35 Loaded file C:\Program Files\OrCAD\Layout_Plus\data\template.imp
Tue Feb 03 16:32:42 Saved as file C:\USERS\ATRIM_PCB\DESKTOP\HEX INJECTOR V1.2\DESIGN31.MAX
Tue Feb 03 16:34:54 Saved as file BACKUP1.MAX
Tue Feb 03 16:37:09 Saved as file C:\USERS\ATRIM_PCB\DESKTOP\HEX INJECTOR V1.2\DESIGN31.MAX
Tue Feb 03 16:38:42 Saved as file C:\USERS\ATRIM_PCB\DESKTOP\HEX INJECTOR V1.2\DESIGN31.MAX
Tue Feb 03 16:38:59 Saved as file C:\USERS\ATRIM_PCB\DESKTOP\HEX INJECTOR V1.2\DESIGN31.MAX
Tue Feb 03 16:38:59 Saved as file C:\USERS\ATRIM_PCB\DESKTOP\HEX INJECTOR V1.2\DESIGN31.MAX
Tue Feb 03 16:39:06 Saved as file C:\USERS\ATRIM_PCB\DESKTOP\HEX INJECTOR V1.2\DESIGN31.MAX
Tue Feb 03 16:39:07 Saved as file C:\USERS\ATRIM_PCB\DESKTOP\HEX INJECTOR V1.2\DESIGN31.MAX
Tue Feb 03 16:42:37 Saved as file C:\USERS\ATRIM_PCB\DESKTOP\HEX INJECTOR V1.2\DESIGN31.MAX
Tue Feb 03 16:43:39 Saved as file C:\USERS\ATRIM_PCB\DESKTOP\HEX INJECTOR V1.2\DESIGN31.MAX
Tue Feb 03 16:43:51 Saved as file C:\USERS\ATRIM_PCB\DESKTOP\HEX INJECTOR V1.2\DESIGN31.MAX
Tue Feb 03 16:44:07 Saved as file C:\USERS\ATRIM_PCB\DESKTOP\HEX INJECTOR V1.2\DESIGN31.MAX
Tue Feb 03 16:44:49 Saved as file C:\USERS\ATRIM_PCB\DESKTOP\HEX INJECTOR V1.2\DESIGN31.MAX
Tue Feb 03 16:44:55 Saved as file BACKUP1.MAX
Tue Feb 03 16:45:13 Saved as file C:\USERS\ATRIM_PCB\DESKTOP\HEX INJECTOR V1.2\DESIGN31.MAX
Tue Feb 03 16:45:14 Saved as file C:\USERS\ATRIM_PCB\DESKTOP\HEX INJECTOR V1.2\DESIGN31.MAX
Tue Feb 03 16:45:21 Saved as file C:\USERS\ATRIM_PCB\DESKTOP\HEX INJECTOR V1.2\DESIGN31.MAX
Tue Feb 03 16:45:21 Saved as file C:\USERS\ATRIM_PCB\DESKTOP\HEX INJECTOR V1.2\DESIGN31.MAX
Tue Feb 03 16:46:28 Saved as file C:\USERS\ATRIM_PCB\DESKTOP\HEX INJECTOR V1.2\DESIGN31.MAX
Tue Feb 03 16:46:28 Saved as file C:\USERS\ATRIM_PCB\DESKTOP\HEX INJECTOR V1.2\DESIGN31.MAX
Tue Feb 03 16:46:48 Loaded file C:\Program Files\OrCAD\Layout_Plus\data\template.imp
Tue Feb 03 16:46:48 Loaded file C:\Program Files\OrCAD\Layout_Plus\data\template.imp
Tue Feb 03 16:46:49 Loaded file C:\USERS\ATRIM_PCB\DESKTOP\MY_LIB\SHA_CAD-1.LLB
Tue Feb 03 16:46:54 Loaded file C:\Program Files\OrCAD\Layout_Plus\data\template.imp
Tue Feb 03 16:48:23 Saved as file C:\USERS\ATRIM_PCB\DESKTOP\HEX INJECTOR V1.2\DESIGN31.MAX
Tue Feb 03 16:48:23 Saved as file C:\USERS\ATRIM_PCB\DESKTOP\HEX INJECTOR V1.2\DESIGN31.MAX
Tue Feb 03 16:48:23 Saved as file C:\USERS\ATRIM_PCB\DESKTOP\HEX INJECTOR V1.2\DESIGN31.MAX
Tue Feb 03 16:48:24 Saved as file C:\USERS\ATRIM_PCB\DESKTOP\HEX INJECTOR V1.2\DESIGN31.MAX
Tue Feb 03 16:48:24 Saved as file C:\USERS\ATRIM_PCB\DESKTOP\HEX INJECTOR V1.2\DESIGN31.MAX
Tue Feb 03 16:48:36 Saved as file C:\USERS\ATRIM_PCB\DESKTOP\HEX INJECTOR V1.2\DESIGN31.MAX
